---------------------------------------------------------------
[ 2019-10-17T14:27:29+08:00 ] 127.0.0.1 GET /
[ info ] www.pyg.com/ [运行时间：0.358020s][吞吐率：2.79req/s] [内存消耗：4,197.63kb] [文件加载：66]
[ info ] [ LANG ] E:\75phpStudy\XiangMu\hometpshop75\thinkphp\lang\zh-cn.php
[ info ] [ ROUTE ] array (
  'type' => 'module',
  'module' => 
  array (
    0 => '',
    1 => NULL,
    2 => NULL,
  ),
)
[ info ] [ HEADER ] array (
  'cookie' => 'thinkphp_show_page_trace=0|0',
  'accept-language' => 'zh-CN,zh;q=0.9',
  'accept-encoding' => 'gzip, deflate',
  'accept' => 'text/html,application/xhtml+xml,application/xml;q=0.9,image/webp,image/apng,*/*;q=0.8,application/signed-exchange;v=b3',
  'user-agent' => 'Mozilla/5.0 (Windows NT 6.1; WOW64) AppleWebKit/537.36 (KHTML, like Gecko) Chrome/74.0.3729.169 Safari/537.36',
  'upgrade-insecure-requests' => '1',
  'cache-control' => 'max-age=0',
  'connection' => 'close',
  'host' => 'www.pyg.com',
)
[ info ] [ PARAM ] array (
)
[ info ] [ CACHE ] INIT File
[ info ] [ DB ] INIT mysql
[ info ] [ RUN ] app\home\controller\Index->index[ E:\75phpStudy\XiangMu\hometpshop75\application\home\controller\Index.php ]
[ info ] [ VIEW ] E:\75phpStudy\XiangMu\hometpshop75\public/../application/home\view\Index\index.html [ array (
  0 => 'category',
  1 => 'lives',
) ]
[ info ] [ LOG ] INIT File
[ sql ] [ DB ] CONNECT:[ UseTime:0.004000s ] mysql:host=127.0.0.1;port=3306;dbname=tpshop;charset=utf8
[ sql ] [ SQL ] SHOW COLUMNS FROM `pyg_category` [ RunTime:0.003000s ]
[ sql ] [ SQL ] SELECT * FROM `pyg_category` [ RunTime:0.008001s ]
[ sql ] [ SQL ] SHOW COLUMNS FROM `pyg_live` [ RunTime:0.005000s ]
[ sql ] [ SQL ] SELECT * FROM `pyg_live` ORDER BY `id` DESC LIMIT 6 [ RunTime:0.002000s ]
---------------------------------------------------------------
[ 2019-10-17T14:27:33+08:00 ] 127.0.0.1 GET /home/goods_controller/index/id/17.html
[ info ] www.pyg.com/home/goods_controller/index/id/17.html [运行时间：0.625035s][吞吐率：1.60req/s] [内存消耗：5,075.70kb] [文件加载：99]
[ info ] [ LANG ] E:\75phpStudy\XiangMu\hometpshop75\thinkphp\lang\zh-cn.php
[ info ] [ ROUTE ] array (
  'type' => 'module',
  'module' => 
  array (
    0 => 'home',
    1 => 'goods_controller',
    2 => 'index',
  ),
)
[ info ] [ HEADER ] array (
  'cookie' => 'thinkphp_show_page_trace=0|0',
  'accept-language' => 'zh-CN,zh;q=0.9',
  'accept-encoding' => 'gzip, deflate',
  'referer' => 'http://www.pyg.com/',
  'accept' => 'text/html,application/xhtml+xml,application/xml;q=0.9,image/webp,image/apng,*/*;q=0.8,application/signed-exchange;v=b3',
  'user-agent' => 'Mozilla/5.0 (Windows NT 6.1; WOW64) AppleWebKit/537.36 (KHTML, like Gecko) Chrome/74.0.3729.169 Safari/537.36',
  'upgrade-insecure-requests' => '1',
  'connection' => 'close',
  'host' => 'www.pyg.com',
)
[ info ] [ PARAM ] array (
  '/home/goods_controller/index/id/17_html' => '',
  'id' => '17',
)
[ info ] [ CACHE ] INIT File
[ info ] [ RUN ] app\home\controller\GoodsController->index[ E:\75phpStudy\XiangMu\hometpshop75\application\home\controller\GoodsController.php ]
[ info ] [ DB ] INIT mysql
[ info ] [ VIEW ] E:\75phpStudy\XiangMu\hometpshop75\public/../application/home\view\Goods_controller\index.html [ array (
  0 => 'category',
  1 => 'list',
  2 => 'cate_name',
) ]
[ info ] [ LOG ] INIT File
[ sql ] [ DB ] CONNECT:[ UseTime:0.001000s ] mysql:host=127.0.0.1;port=3306;dbname=tpshop;charset=utf8
[ sql ] [ SQL ] SHOW COLUMNS FROM `pyg_goods` [ RunTime:0.006000s ]
[ sql ] [ SQL ] SELECT COUNT(*) AS tp_count FROM `pyg_goods` WHERE  `cate_id` = 17 LIMIT 1 [ RunTime:0.262015s ]
[ sql ] [ SQL ] SELECT * FROM `pyg_goods` WHERE  `cate_id` = 17 ORDER BY `id` DESC LIMIT 0,10 [ RunTime:0.002001s ]
[ sql ] [ SQL ] SHOW COLUMNS FROM `pyg_category` [ RunTime:0.003000s ]
[ sql ] [ SQL ] SELECT * FROM `pyg_category` WHERE  `id` = 17 LIMIT 1 [ RunTime:0.026001s ]
---------------------------------------------------------------
[ 2019-10-17T14:27:33+08:00 ] 127.0.0.1 GET /uploads/goods/20191009/thumb_1e4dc5d77e38244387fe20cdba53f9d4.jpg
[ info ] www.pyg.com/uploads/goods/20191009/thumb_1e4dc5d77e38244387fe20cdba53f9d4.jpg [运行时间：0.158009s][吞吐率：6.33req/s] [内存消耗：1,253.06kb] [文件加载：42]
[ info ] [ LANG ] E:\75phpStudy\XiangMu\hometpshop75\thinkphp\lang\zh-cn.php
[ info ] [ ROUTE ] array (
  'type' => 'module',
  'module' => 
  array (
    0 => 'uploads',
    1 => 'goods',
    2 => '20191009',
  ),
)
[ info ] [ HEADER ] array (
  'cookie' => 'thinkphp_show_page_trace=0|0',
  'accept-language' => 'zh-CN,zh;q=0.9',
  'accept-encoding' => 'gzip, deflate',
  'referer' => 'http://www.pyg.com/home/goods_controller/index/id/17.html',
  'accept' => 'image/webp,image/apng,image/*,*/*;q=0.8',
  'user-agent' => 'Mozilla/5.0 (Windows NT 6.1; WOW64) AppleWebKit/537.36 (KHTML, like Gecko) Chrome/74.0.3729.169 Safari/537.36',
  'connection' => 'close',
  'host' => 'www.pyg.com',
)
[ info ] [ PARAM ] array (
  '/uploads/goods/20191009/thumb_1e4dc5d77e38244387fe20cdba53f9d4_jpg' => '',
)
[ info ] [ LOG ] INIT File
---------------------------------------------------------------
[ 2019-10-17T14:27:37+08:00 ] 127.0.0.1 GET /home/goods_controller/detail/id/91.html
[ info ] www.pyg.com/home/goods_controller/detail/id/91.html [运行时间：1.693097s][吞吐率：0.59req/s] [内存消耗：5,199.15kb] [文件加载：103]
[ info ] [ LANG ] E:\75phpStudy\XiangMu\hometpshop75\thinkphp\lang\zh-cn.php
[ info ] [ ROUTE ] array (
  'type' => 'module',
  'module' => 
  array (
    0 => 'home',
    1 => 'goods_controller',
    2 => 'detail',
  ),
)
[ info ] [ HEADER ] array (
  'cookie' => 'thinkphp_show_page_trace=0|0',
  'accept-language' => 'zh-CN,zh;q=0.9',
  'accept-encoding' => 'gzip, deflate',
  'referer' => 'http://www.pyg.com/home/goods_controller/index/id/17.html',
  'accept' => 'text/html,application/xhtml+xml,application/xml;q=0.9,image/webp,image/apng,*/*;q=0.8,application/signed-exchange;v=b3',
  'user-agent' => 'Mozilla/5.0 (Windows NT 6.1; WOW64) AppleWebKit/537.36 (KHTML, like Gecko) Chrome/74.0.3729.169 Safari/537.36',
  'upgrade-insecure-requests' => '1',
  'connection' => 'close',
  'host' => 'www.pyg.com',
)
[ info ] [ PARAM ] array (
  '/home/goods_controller/detail/id/91_html' => '',
  'id' => '91',
)
[ info ] [ CACHE ] INIT File
[ info ] [ RUN ] app\home\controller\GoodsController->detail[ E:\75phpStudy\XiangMu\hometpshop75\application\home\controller\GoodsController.php ]
[ info ] [ DB ] INIT mysql
[ info ] [ VIEW ] E:\75phpStudy\XiangMu\hometpshop75\public/../application/home\view\Goods_controller\detail.html [ array (
  0 => 'category',
  1 => 'spec',
  2 => 'goods',
  3 => 'value_ids_map',
) ]
[ info ] [ LOG ] INIT File
[ sql ] [ DB ] CONNECT:[ UseTime:0.004000s ] mysql:host=127.0.0.1;port=3306;dbname=tpshop;charset=utf8
[ sql ] [ SQL ] SHOW COLUMNS FROM `pyg_goods` [ RunTime:0.010001s ]
[ sql ] [ SQL ] SELECT * FROM `pyg_goods` WHERE  `id` = 91 LIMIT 1 [ RunTime:0.006000s ]
[ sql ] [ SQL ] SHOW COLUMNS FROM `pyg_spec_goods` [ RunTime:0.065004s ]
[ sql ] [ SQL ] SELECT * FROM `pyg_spec_goods` WHERE  `goods_id` = 91 [ RunTime:0.361021s ]
[ sql ] [ SQL ] SHOW COLUMNS FROM `pyg_goods_images` [ RunTime:0.004000s ]
[ sql ] [ SQL ] SELECT * FROM `pyg_goods_images` WHERE  `goods_id` = 91 [ RunTime:0.289017s ]
[ sql ] [ SQL ] SHOW COLUMNS FROM `pyg_spec_value` [ RunTime:0.006000s ]
[ sql ] [ SQL ] SELECT * FROM `pyg_spec_value` WHERE  `id` IN (1,3,4,2) [ RunTime:0.366021s ]
[ sql ] [ SQL ] SHOW COLUMNS FROM `pyg_spec` [ RunTime:0.005000s ]
[ sql ] [ SQL ] SELECT * FROM `pyg_spec` WHERE  `id` IN (19,20) [ RunTime:0.094006s ]
---------------------------------------------------------------
[ 2019-10-17T14:27:40+08:00 ] 127.0.0.1 POST /home/cart_controller/addcart.html
[ info ] www.pyg.com/home/cart_controller/addcart.html [运行时间：0.382022s][吞吐率：2.62req/s] [内存消耗：5,141.41kb] [文件加载：97]
[ info ] [ LANG ] E:\75phpStudy\XiangMu\hometpshop75\thinkphp\lang\zh-cn.php
[ info ] [ ROUTE ] array (
  'type' => 'module',
  'module' => 
  array (
    0 => 'home',
    1 => 'cart_controller',
    2 => 'addcart',
  ),
)
[ info ] [ HEADER ] array (
  'cookie' => 'thinkphp_show_page_trace=0|0',
  'accept-language' => 'zh-CN,zh;q=0.9',
  'accept-encoding' => 'gzip, deflate',
  'referer' => 'http://www.pyg.com/home/goods_controller/detail/id/91.html',
  'accept' => 'text/html,application/xhtml+xml,application/xml;q=0.9,image/webp,image/apng,*/*;q=0.8,application/signed-exchange;v=b3',
  'user-agent' => 'Mozilla/5.0 (Windows NT 6.1; WOW64) AppleWebKit/537.36 (KHTML, like Gecko) Chrome/74.0.3729.169 Safari/537.36',
  'content-type' => 'application/x-www-form-urlencoded',
  'upgrade-insecure-requests' => '1',
  'origin' => 'http://www.pyg.com',
  'cache-control' => 'max-age=0',
  'content-length' => '38',
  'connection' => 'close',
  'host' => 'www.pyg.com',
)
[ info ] [ PARAM ] array (
  '/home/cart_controller/addcart_html' => '',
  'number' => '1',
  'goods_id' => '91',
  'goods_spec_id' => '839',
)
[ info ] [ CACHE ] INIT File
[ info ] [ RUN ] app\home\controller\CartController->addcart[ E:\75phpStudy\XiangMu\hometpshop75\application\home\controller\CartController.php ]
[ info ] [ SESSION ] INIT array (
  'id' => '',
  'var_session_id' => '',
  'prefix' => 'think',
  'type' => '',
  'auto_start' => true,
)
[ info ] [ DB ] INIT mysql
[ info ] [ VIEW ] E:\75phpStudy\XiangMu\hometpshop75\public/../application/home\view\Cart_controller\cart_add.html [ array (
  0 => 'category',
  1 => 'goods',
  2 => 'number',
) ]
[ info ] [ LOG ] INIT File
[ sql ] [ DB ] CONNECT:[ UseTime:0.001000s ] mysql:host=127.0.0.1;port=3306;dbname=tpshop;charset=utf8
[ sql ] [ SQL ] SHOW COLUMNS FROM `pyg_goods` [ RunTime:0.006000s ]
[ sql ] [ SQL ] SELECT `t1`.`id`,`t1`.`goods_name`,`t1`.`goods_price`,`t1`.`cost_price`,`t1`.`goods_number`,`t1`.`frozen_number`,`t1`.`goods_logo`,t2.id as spec_goods_id,`t2`.`value_names`,`t2`.`price`,t2.cost_price as cost_price2,`t2`.`store_count`,`t2`.`store_frozen` FROM `pyg_goods` `t1` LEFT JOIN `pyg_spec_goods` `t2` ON `t1`.`id`=`t2`.`goods_id` WHERE  `t2`.`id` = '839' LIMIT 1 [ RunTime:0.002000s ]
---------------------------------------------------------------
[ 2019-10-17T14:27:42+08:00 ] 127.0.0.1 GET /home/cart_controller/cart_list.html
[ info ] www.pyg.com/home/cart_controller/cart_list.html [运行时间：0.199012s][吞吐率：5.02req/s] [内存消耗：3,289.91kb] [文件加载：59]
[ info ] [ LANG ] E:\75phpStudy\XiangMu\hometpshop75\thinkphp\lang\zh-cn.php
[ info ] [ ROUTE ] array (
  'type' => 'module',
  'module' => 
  array (
    0 => 'home',
    1 => 'cart_controller',
    2 => 'cart_list',
  ),
)
[ info ] [ HEADER ] array (
  'cookie' => 'thinkphp_show_page_trace=0|0; thinkphp_show_page_trace=0|0; PHPSESSID=ut5a539nimrgdmc9jpkh8pf54h; cart=think%3A%7B%2291_839%22%3A%7B%22id%22%3A%2291_839%22%2C%22goods_id%22%3A%2291%22%2C%22spec_goods_id%22%3A%22839%22%2C%22number%22%3A%221%22%2C%22is_selected%22%3A%221%22%7D%7D',
  'accept-language' => 'zh-CN,zh;q=0.9',
  'accept-encoding' => 'gzip, deflate',
  'referer' => 'http://www.pyg.com/home/cart_controller/addcart.html',
  'accept' => 'text/html,application/xhtml+xml,application/xml;q=0.9,image/webp,image/apng,*/*;q=0.8,application/signed-exchange;v=b3',
  'user-agent' => 'Mozilla/5.0 (Windows NT 6.1; WOW64) AppleWebKit/537.36 (KHTML, like Gecko) Chrome/74.0.3729.169 Safari/537.36',
  'upgrade-insecure-requests' => '1',
  'connection' => 'close',
  'host' => 'www.pyg.com',
)
[ info ] [ PARAM ] array (
  '/home/cart_controller/cart_list_html' => '',
)
[ info ] [ CACHE ] INIT File
[ info ] [ RUN ] app\home\controller\CartController->cart_list[ E:\75phpStudy\XiangMu\hometpshop75\application\home\controller\CartController.php ]
[ info ] [ SESSION ] INIT array (
  'id' => '',
  'var_session_id' => '',
  'prefix' => 'think',
  'type' => '',
  'auto_start' => true,
)
[ info ] [ VIEW ] E:\75phpStudy\XiangMu\hometpshop75\public/../application/home\view\Cart_controller\cart_list.html [ array (
  0 => 'category',
  1 => 'list',
) ]
[ info ] [ LOG ] INIT File
---------------------------------------------------------------
[ 2019-10-17T14:27:44+08:00 ] 127.0.0.1 GET /home/order_controller/create.html
[ info ] www.pyg.com/home/order_controller/create.html [运行时间：0.063004s][吞吐率：15.87req/s] [内存消耗：2,534.88kb] [文件加载：52]
[ info ] [ LANG ] E:\75phpStudy\XiangMu\hometpshop75\thinkphp\lang\zh-cn.php
[ info ] [ ROUTE ] array (
  'type' => 'module',
  'module' => 
  array (
    0 => 'home',
    1 => 'order_controller',
    2 => 'create',
  ),
)
[ info ] [ HEADER ] array (
  'cookie' => 'thinkphp_show_page_trace=0|0; PHPSESSID=ut5a539nimrgdmc9jpkh8pf54h; cart=think%3A%7B%2291_839%22%3A%7B%22id%22%3A%2291_839%22%2C%22goods_id%22%3A%2291%22%2C%22spec_goods_id%22%3A%22839%22%2C%22number%22%3A%221%22%2C%22is_selected%22%3A%221%22%7D%7D',
  'accept-language' => 'zh-CN,zh;q=0.9',
  'accept-encoding' => 'gzip, deflate',
  'referer' => 'http://www.pyg.com/home/cart_controller/cart_list.html',
  'accept' => 'text/html,application/xhtml+xml,application/xml;q=0.9,image/webp,image/apng,*/*;q=0.8,application/signed-exchange;v=b3',
  'user-agent' => 'Mozilla/5.0 (Windows NT 6.1; WOW64) AppleWebKit/537.36 (KHTML, like Gecko) Chrome/74.0.3729.169 Safari/537.36',
  'upgrade-insecure-requests' => '1',
  'connection' => 'close',
  'host' => 'www.pyg.com',
)
[ info ] [ PARAM ] array (
  '/home/order_controller/create_html' => '',
)
[ info ] [ CACHE ] INIT File
[ info ] [ RUN ] app\home\controller\OrderController->create[ E:\75phpStudy\XiangMu\hometpshop75\application\home\controller\OrderController.php ]
[ info ] [ SESSION ] INIT array (
  'id' => '',
  'var_session_id' => '',
  'prefix' => 'think',
  'type' => '',
  'auto_start' => true,
)
[ info ] [ LOG ] INIT File
---------------------------------------------------------------
[ 2019-10-17T14:27:44+08:00 ] 127.0.0.1 GET /home/login/login.html
[ info ] www.pyg.com/home/login/login.html [运行时间：0.054003s][吞吐率：18.52req/s] [内存消耗：1,700.91kb] [文件加载：53]
[ info ] [ LANG ] E:\75phpStudy\XiangMu\hometpshop75\thinkphp\lang\zh-cn.php
[ info ] [ ROUTE ] array (
  'type' => 'module',
  'module' => 
  array (
    0 => 'home',
    1 => 'login',
    2 => 'login',
  ),
)
[ info ] [ HEADER ] array (
  'cookie' => 'thinkphp_show_page_trace=0|0; PHPSESSID=ut5a539nimrgdmc9jpkh8pf54h; cart=think%3A%7B%2291_839%22%3A%7B%22id%22%3A%2291_839%22%2C%22goods_id%22%3A%2291%22%2C%22spec_goods_id%22%3A%22839%22%2C%22number%22%3A%221%22%2C%22is_selected%22%3A%221%22%7D%7D',
  'accept-language' => 'zh-CN,zh;q=0.9',
  'accept-encoding' => 'gzip, deflate',
  'referer' => 'http://www.pyg.com/home/cart_controller/cart_list.html',
  'accept' => 'text/html,application/xhtml+xml,application/xml;q=0.9,image/webp,image/apng,*/*;q=0.8,application/signed-exchange;v=b3',
  'user-agent' => 'Mozilla/5.0 (Windows NT 6.1; WOW64) AppleWebKit/537.36 (KHTML, like Gecko) Chrome/74.0.3729.169 Safari/537.36',
  'upgrade-insecure-requests' => '1',
  'connection' => 'close',
  'host' => 'www.pyg.com',
)
[ info ] [ PARAM ] array (
  '/home/login/login_html' => '',
)
[ info ] [ RUN ] app\home\controller\Login->login[ E:\75phpStudy\XiangMu\hometpshop75\application\home\controller\Login.php ]
[ info ] [ VIEW ] E:\75phpStudy\XiangMu\hometpshop75\public/../application/home\view\Login\login.html [ array (
) ]
[ info ] [ LOG ] INIT File
---------------------------------------------------------------
[ 2019-10-17T14:27:47+08:00 ] 127.0.0.1 POST /home/login/dologin.html
[ info ] www.pyg.com/home/login/dologin.html [运行时间：0.503029s][吞吐率：1.99req/s] [内存消耗：2,414.03kb] [文件加载：60]
[ info ] [ LANG ] E:\75phpStudy\XiangMu\hometpshop75\thinkphp\lang\zh-cn.php
[ info ] [ ROUTE ] array (
  'type' => 'module',
  'module' => 
  array (
    0 => 'home',
    1 => 'login',
    2 => 'dologin',
  ),
)
[ info ] [ HEADER ] array (
  'cookie' => 'thinkphp_show_page_trace=0|0; thinkphp_show_page_trace=0|0; PHPSESSID=ut5a539nimrgdmc9jpkh8pf54h; cart=think%3A%7B%2291_839%22%3A%7B%22id%22%3A%2291_839%22%2C%22goods_id%22%3A%2291%22%2C%22spec_goods_id%22%3A%22839%22%2C%22number%22%3A%221%22%2C%22is_selected%22%3A%221%22%7D%7D',
  'accept-language' => 'zh-CN,zh;q=0.9',
  'accept-encoding' => 'gzip, deflate',
  'referer' => 'http://www.pyg.com/home/login/login.html',
  'accept' => 'text/html,application/xhtml+xml,application/xml;q=0.9,image/webp,image/apng,*/*;q=0.8,application/signed-exchange;v=b3',
  'user-agent' => 'Mozilla/5.0 (Windows NT 6.1; WOW64) AppleWebKit/537.36 (KHTML, like Gecko) Chrome/74.0.3729.169 Safari/537.36',
  'content-type' => 'application/x-www-form-urlencoded',
  'upgrade-insecure-requests' => '1',
  'origin' => 'http://www.pyg.com',
  'cache-control' => 'max-age=0',
  'content-length' => '36',
  'connection' => 'close',
  'host' => 'www.pyg.com',
)
[ info ] [ PARAM ] array (
  '/home/login/dologin_html' => '',
  'username' => '15664460369',
  'passwd' => '123',
  'm1' => '2',
)
[ info ] [ RUN ] app\home\controller\Login->dologin[ E:\75phpStudy\XiangMu\hometpshop75\application\home\controller\Login.php ]
[ info ] [ DB ] INIT mysql
[ info ] [ SESSION ] INIT array (
  'id' => '',
  'var_session_id' => '',
  'prefix' => 'think',
  'type' => '',
  'auto_start' => true,
)
[ info ] [ LOG ] INIT File
[ sql ] [ DB ] CONNECT:[ UseTime:0.011001s ] mysql:host=127.0.0.1;port=3306;dbname=tpshop;charset=utf8
[ sql ] [ SQL ] SHOW COLUMNS FROM `pyg_user` [ RunTime:0.031002s ]
[ sql ] [ SQL ] SELECT * FROM `pyg_user` WHERE  (  `username` = '15664460369' OR `email` = '15664460369' )  AND `password` = '202cb962ac59075b964b07152d234b70' LIMIT 1 [ RunTime:0.078004s ]
[ sql ] [ SQL ] SHOW COLUMNS FROM `pyg_cart` [ RunTime:0.004001s ]
[ sql ] [ SQL ] SELECT * FROM `pyg_cart` WHERE  `goods_id` = 91  AND `spec_goods_id` = 839  AND `user_id` = 10  AND `is_selected` = 1 LIMIT 1 [ RunTime:0.044002s ]
[ sql ] [ SQL ] INSERT INTO `pyg_cart` (`goods_id` , `spec_goods_id` , `user_id` , `is_selected`) VALUES (91 , 839 , 10 , 1) [ RunTime:0.243014s ]
---------------------------------------------------------------
[ 2019-10-17T14:27:47+08:00 ] 127.0.0.1 GET /home/order_controller/create.html
[ info ] www.pyg.com/home/order_controller/create.html [运行时间：0.330019s][吞吐率：3.03req/s] [内存消耗：5,133.29kb] [文件加载：102]
[ info ] [ LANG ] E:\75phpStudy\XiangMu\hometpshop75\thinkphp\lang\zh-cn.php
[ info ] [ ROUTE ] array (
  'type' => 'module',
  'module' => 
  array (
    0 => 'home',
    1 => 'order_controller',
    2 => 'create',
  ),
)
[ info ] [ HEADER ] array (
  'cookie' => 'thinkphp_show_page_trace=0|0; PHPSESSID=ut5a539nimrgdmc9jpkh8pf54h',
  'accept-language' => 'zh-CN,zh;q=0.9',
  'accept-encoding' => 'gzip, deflate',
  'referer' => 'http://www.pyg.com/home/login/login.html',
  'accept' => 'text/html,application/xhtml+xml,application/xml;q=0.9,image/webp,image/apng,*/*;q=0.8,application/signed-exchange;v=b3',
  'user-agent' => 'Mozilla/5.0 (Windows NT 6.1; WOW64) AppleWebKit/537.36 (KHTML, like Gecko) Chrome/74.0.3729.169 Safari/537.36',
  'upgrade-insecure-requests' => '1',
  'cache-control' => 'max-age=0',
  'connection' => 'close',
  'host' => 'www.pyg.com',
)
[ info ] [ PARAM ] array (
  '/home/order_controller/create_html' => '',
)
[ info ] [ CACHE ] INIT File
[ info ] [ RUN ] app\home\controller\OrderController->create[ E:\75phpStudy\XiangMu\hometpshop75\application\home\controller\OrderController.php ]
[ info ] [ SESSION ] INIT array (
  'id' => '',
  'var_session_id' => '',
  'prefix' => 'think',
  'type' => '',
  'auto_start' => true,
)
[ info ] [ DB ] INIT mysql
[ info ] [ VIEW ] E:\75phpStudy\XiangMu\hometpshop75\public/../application/home\view\Order_controller\order.html [ array (
  0 => 'category',
  1 => 'address',
  2 => 'cart_data',
) ]
[ info ] [ LOG ] INIT File
[ sql ] [ DB ] CONNECT:[ UseTime:0.002000s ] mysql:host=127.0.0.1;port=3306;dbname=tpshop;charset=utf8
[ sql ] [ SQL ] SHOW COLUMNS FROM `pyg_address` [ RunTime:0.008001s ]
[ sql ] [ SQL ] SELECT * FROM `pyg_address` WHERE  `user_id` = 10 [ RunTime:0.047002s ]
[ sql ] [ SQL ] SHOW COLUMNS FROM `pyg_cart` [ RunTime:0.004000s ]
[ sql ] [ SQL ] SELECT * FROM `pyg_cart` WHERE  `user_id` = 10  AND `is_selected` = 1 [ RunTime:0.001000s ]
[ sql ] [ SQL ] SHOW COLUMNS FROM `pyg_goods` [ RunTime:0.004000s ]
[ sql ] [ SQL ] SELECT * FROM `pyg_goods` WHERE  `id` IN (91) [ RunTime:0.016001s ]
[ sql ] [ SQL ] SHOW COLUMNS FROM `pyg_spec_goods` [ RunTime:0.004001s ]
[ sql ] [ SQL ] SELECT * FROM `pyg_spec_goods` WHERE  `id` IN (839) [ RunTime:0.002000s ]
---------------------------------------------------------------
[ 2019-10-17T14:27:56+08:00 ] 127.0.0.1 POST /home/login/dologin.html
[ info ] www.pyg.com/home/login/dologin.html [运行时间：0.080005s][吞吐率：12.50req/s] [内存消耗：2,440.44kb] [文件加载：59]
[ info ] [ LANG ] E:\75phpStudy\XiangMu\hometpshop75\thinkphp\lang\zh-cn.php
[ info ] [ ROUTE ] array (
  'type' => 'module',
  'module' => 
  array (
    0 => 'home',
    1 => 'login',
    2 => 'dologin',
  ),
)
[ info ] [ HEADER ] array (
  'cookie' => 'thinkphp_show_page_trace=0|0; thinkphp_show_page_trace=0|0; PHPSESSID=ut5a539nimrgdmc9jpkh8pf54h',
  'accept-language' => 'zh-CN,zh;q=0.9',
  'accept-encoding' => 'gzip, deflate',
  'referer' => 'http://www.pyg.com/home/login/login.html',
  'accept' => 'text/html,application/xhtml+xml,application/xml;q=0.9,image/webp,image/apng,*/*;q=0.8,application/signed-exchange;v=b3',
  'user-agent' => 'Mozilla/5.0 (Windows NT 6.1; WOW64) AppleWebKit/537.36 (KHTML, like Gecko) Chrome/74.0.3729.169 Safari/537.36',
  'content-type' => 'application/x-www-form-urlencoded',
  'upgrade-insecure-requests' => '1',
  'origin' => 'http://www.pyg.com',
  'cache-control' => 'max-age=0',
  'content-length' => '36',
  'connection' => 'close',
  'host' => 'www.pyg.com',
)
[ info ] [ PARAM ] array (
  '/home/login/dologin_html' => '',
  'username' => '15664460369',
  'passwd' => '123',
  'm1' => '2',
)
[ info ] [ RUN ] app\home\controller\Login->dologin[ E:\75phpStudy\XiangMu\hometpshop75\application\home\controller\Login.php ]
[ info ] [ DB ] INIT mysql
[ info ] [ SESSION ] INIT array (
  'id' => '',
  'var_session_id' => '',
  'prefix' => 'think',
  'type' => '',
  'auto_start' => true,
)
[ info ] [ LOG ] INIT File
[ sql ] [ DB ] CONNECT:[ UseTime:0.010000s ] mysql:host=127.0.0.1;port=3306;dbname=tpshop;charset=utf8
[ sql ] [ SQL ] SHOW COLUMNS FROM `pyg_user` [ RunTime:0.004000s ]
[ sql ] [ SQL ] SELECT * FROM `pyg_user` WHERE  (  `username` = '15664460369' OR `email` = '15664460369' )  AND `password` = '202cb962ac59075b964b07152d234b70' LIMIT 1 [ RunTime:0.001000s ]
---------------------------------------------------------------
[ 2019-10-17T14:27:56+08:00 ] 127.0.0.1 GET /home/order_controller/create.html
[ info ] www.pyg.com/home/order_controller/create.html [运行时间：0.237013s][吞吐率：4.22req/s] [内存消耗：4,733.45kb] [文件加载：100]
[ info ] [ LANG ] E:\75phpStudy\XiangMu\hometpshop75\thinkphp\lang\zh-cn.php
[ info ] [ ROUTE ] array (
  'type' => 'module',
  'module' => 
  array (
    0 => 'home',
    1 => 'order_controller',
    2 => 'create',
  ),
)
[ info ] [ HEADER ] array (
  'cookie' => 'thinkphp_show_page_trace=0|0; thinkphp_show_page_trace=0|0; PHPSESSID=ut5a539nimrgdmc9jpkh8pf54h',
  'accept-language' => 'zh-CN,zh;q=0.9',
  'accept-encoding' => 'gzip, deflate',
  'referer' => 'http://www.pyg.com/home/login/login.html',
  'accept' => 'text/html,application/xhtml+xml,application/xml;q=0.9,image/webp,image/apng,*/*;q=0.8,application/signed-exchange;v=b3',
  'user-agent' => 'Mozilla/5.0 (Windows NT 6.1; WOW64) AppleWebKit/537.36 (KHTML, like Gecko) Chrome/74.0.3729.169 Safari/537.36',
  'upgrade-insecure-requests' => '1',
  'cache-control' => 'max-age=0',
  'connection' => 'close',
  'host' => 'www.pyg.com',
)
[ info ] [ PARAM ] array (
  '/home/order_controller/create_html' => '',
)
[ info ] [ CACHE ] INIT File
[ info ] [ RUN ] app\home\controller\OrderController->create[ E:\75phpStudy\XiangMu\hometpshop75\application\home\controller\OrderController.php ]
[ info ] [ SESSION ] INIT array (
  'id' => '',
  'var_session_id' => '',
  'prefix' => 'think',
  'type' => '',
  'auto_start' => true,
)
[ info ] [ DB ] INIT mysql
[ info ] [ VIEW ] E:\75phpStudy\XiangMu\hometpshop75\public/../application/home\view\Order_controller\order.html [ array (
  0 => 'category',
  1 => 'address',
  2 => 'cart_data',
) ]
[ info ] [ LOG ] INIT File
[ sql ] [ DB ] CONNECT:[ UseTime:0.002000s ] mysql:host=127.0.0.1;port=3306;dbname=tpshop;charset=utf8
[ sql ] [ SQL ] SHOW COLUMNS FROM `pyg_address` [ RunTime:0.003000s ]
[ sql ] [ SQL ] SELECT * FROM `pyg_address` WHERE  `user_id` = 10 [ RunTime:0.002000s ]
[ sql ] [ SQL ] SHOW COLUMNS FROM `pyg_cart` [ RunTime:0.003000s ]
[ sql ] [ SQL ] SELECT * FROM `pyg_cart` WHERE  `user_id` = 10  AND `is_selected` = 1 [ RunTime:0.001000s ]
[ sql ] [ SQL ] SHOW COLUMNS FROM `pyg_goods` [ RunTime:0.004000s ]
[ sql ] [ SQL ] SELECT * FROM `pyg_goods` WHERE  `id` IN (91) [ RunTime:0.001001s ]
[ sql ] [ SQL ] SHOW COLUMNS FROM `pyg_spec_goods` [ RunTime:0.002000s ]
[ sql ] [ SQL ] SELECT * FROM `pyg_spec_goods` WHERE  `id` IN (839) [ RunTime:0.001000s ]
---------------------------------------------------------------
[ 2019-10-17T14:28:01+08:00 ] 127.0.0.1 GET /home/cart_controller/cart_list.html
[ info ] www.pyg.com/home/cart_controller/cart_list.html [运行时间：0.214013s][吞吐率：4.67req/s] [内存消耗：3,756.04kb] [文件加载：65]
[ info ] [ LANG ] E:\75phpStudy\XiangMu\hometpshop75\thinkphp\lang\zh-cn.php
[ info ] [ ROUTE ] array (
  'type' => 'module',
  'module' => 
  array (
    0 => 'home',
    1 => 'cart_controller',
    2 => 'cart_list',
  ),
)
[ info ] [ HEADER ] array (
  'cookie' => 'thinkphp_show_page_trace=0|0; thinkphp_show_page_trace=0|0; PHPSESSID=ut5a539nimrgdmc9jpkh8pf54h',
  'accept-language' => 'zh-CN,zh;q=0.9',
  'accept-encoding' => 'gzip, deflate',
  'referer' => 'http://www.pyg.com/home/cart_controller/addcart.html',
  'accept' => 'text/html,application/xhtml+xml,application/xml;q=0.9,image/webp,image/apng,*/*;q=0.8,application/signed-exchange;v=b3',
  'user-agent' => 'Mozilla/5.0 (Windows NT 6.1; WOW64) AppleWebKit/537.36 (KHTML, like Gecko) Chrome/74.0.3729.169 Safari/537.36',
  'upgrade-insecure-requests' => '1',
  'connection' => 'close',
  'host' => 'www.pyg.com',
)
[ info ] [ PARAM ] array (
  '/home/cart_controller/cart_list_html' => '',
)
[ info ] [ CACHE ] INIT File
[ info ] [ RUN ] app\home\controller\CartController->cart_list[ E:\75phpStudy\XiangMu\hometpshop75\application\home\controller\CartController.php ]
[ info ] [ SESSION ] INIT array (
  'id' => '',
  'var_session_id' => '',
  'prefix' => 'think',
  'type' => '',
  'auto_start' => true,
)
[ info ] [ DB ] INIT mysql
[ info ] [ VIEW ] E:\75phpStudy\XiangMu\hometpshop75\public/../application/home\view\Cart_controller\cart_list.html [ array (
  0 => 'category',
  1 => 'list',
) ]
[ info ] [ LOG ] INIT File
[ sql ] [ DB ] CONNECT:[ UseTime:0.011000s ] mysql:host=127.0.0.1;port=3306;dbname=tpshop;charset=utf8
[ sql ] [ SQL ] SHOW COLUMNS FROM `pyg_cart` [ RunTime:0.003000s ]
[ sql ] [ SQL ] SELECT `user_id`,`goods_id`,`spec_goods_id`,`number`,`is_selected`,`id` FROM `pyg_cart` WHERE  `user_id` = 10 [ RunTime:0.001000s ]
---------------------------------------------------------------
[ 2019-10-17T14:28:03+08:00 ] 127.0.0.1 POST /home/cart_controller/changenum.html
[ info ] www.pyg.com/home/cart_controller/changenum.html [运行时间：0.114007s][吞吐率：8.77req/s] [内存消耗：3,307.35kb] [文件加载：60]
[ info ] [ LANG ] E:\75phpStudy\XiangMu\hometpshop75\thinkphp\lang\zh-cn.php
[ info ] [ ROUTE ] array (
  'type' => 'module',
  'module' => 
  array (
    0 => 'home',
    1 => 'cart_controller',
    2 => 'changenum',
  ),
)
[ info ] [ HEADER ] array (
  'cookie' => 'thinkphp_show_page_trace=0|0; thinkphp_show_page_trace=0|0; PHPSESSID=ut5a539nimrgdmc9jpkh8pf54h',
  'accept-language' => 'zh-CN,zh;q=0.9',
  'accept-encoding' => 'gzip, deflate',
  'referer' => 'http://www.pyg.com/home/cart_controller/cart_list.html',
  'content-type' => 'application/x-www-form-urlencoded; charset=UTF-8',
  'user-agent' => 'Mozilla/5.0 (Windows NT 6.1; WOW64) AppleWebKit/537.36 (KHTML, like Gecko) Chrome/74.0.3729.169 Safari/537.36',
  'x-requested-with' => 'XMLHttpRequest',
  'origin' => 'http://www.pyg.com',
  'accept' => 'application/json, text/javascript, */*; q=0.01',
  'content-length' => '19',
  'connection' => 'close',
  'host' => 'www.pyg.com',
)
[ info ] [ PARAM ] array (
  '/home/cart_controller/changenum_html' => '',
  'cart_id' => '51',
  'number' => '1',
)
[ info ] [ CACHE ] INIT File
[ info ] [ RUN ] app\home\controller\CartController->changeNum[ E:\75phpStudy\XiangMu\hometpshop75\application\home\controller\CartController.php ]
[ info ] [ SESSION ] INIT array (
  'id' => '',
  'var_session_id' => '',
  'prefix' => 'think',
  'type' => '',
  'auto_start' => true,
)
[ info ] [ DB ] INIT mysql
[ info ] [ LOG ] INIT File
[ sql ] [ DB ] CONNECT:[ UseTime:0.002000s ] mysql:host=127.0.0.1;port=3306;dbname=tpshop;charset=utf8
[ sql ] [ SQL ] SHOW COLUMNS FROM `pyg_cart` [ RunTime:0.003000s ]
[ sql ] [ SQL ] UPDATE `pyg_cart`  SET `number`=1  WHERE  `id` = 51  AND `user_id` = 10 [ RunTime:0.036002s ]
---------------------------------------------------------------
[ 2019-10-17T14:28:05+08:00 ] 127.0.0.1 GET /home/order_controller/create.html
[ info ] www.pyg.com/home/order_controller/create.html [运行时间：0.245014s][吞吐率：4.08req/s] [内存消耗：4,733.30kb] [文件加载：100]
[ info ] [ LANG ] E:\75phpStudy\XiangMu\hometpshop75\thinkphp\lang\zh-cn.php
[ info ] [ ROUTE ] array (
  'type' => 'module',
  'module' => 
  array (
    0 => 'home',
    1 => 'order_controller',
    2 => 'create',
  ),
)
[ info ] [ HEADER ] array (
  'cookie' => 'thinkphp_show_page_trace=0|0; thinkphp_show_page_trace=0|0; PHPSESSID=ut5a539nimrgdmc9jpkh8pf54h',
  'accept-language' => 'zh-CN,zh;q=0.9',
  'accept-encoding' => 'gzip, deflate',
  'referer' => 'http://www.pyg.com/home/cart_controller/cart_list.html',
  'accept' => 'text/html,application/xhtml+xml,application/xml;q=0.9,image/webp,image/apng,*/*;q=0.8,application/signed-exchange;v=b3',
  'user-agent' => 'Mozilla/5.0 (Windows NT 6.1; WOW64) AppleWebKit/537.36 (KHTML, like Gecko) Chrome/74.0.3729.169 Safari/537.36',
  'upgrade-insecure-requests' => '1',
  'connection' => 'close',
  'host' => 'www.pyg.com',
)
[ info ] [ PARAM ] array (
  '/home/order_controller/create_html' => '',
)
[ info ] [ CACHE ] INIT File
[ info ] [ RUN ] app\home\controller\OrderController->create[ E:\75phpStudy\XiangMu\hometpshop75\application\home\controller\OrderController.php ]
[ info ] [ SESSION ] INIT array (
  'id' => '',
  'var_session_id' => '',
  'prefix' => 'think',
  'type' => '',
  'auto_start' => true,
)
[ info ] [ DB ] INIT mysql
[ info ] [ VIEW ] E:\75phpStudy\XiangMu\hometpshop75\public/../application/home\view\Order_controller\order.html [ array (
  0 => 'category',
  1 => 'address',
  2 => 'cart_data',
) ]
[ info ] [ LOG ] INIT File
[ sql ] [ DB ] CONNECT:[ UseTime:0.002001s ] mysql:host=127.0.0.1;port=3306;dbname=tpshop;charset=utf8
[ sql ] [ SQL ] SHOW COLUMNS FROM `pyg_address` [ RunTime:0.003000s ]
[ sql ] [ SQL ] SELECT * FROM `pyg_address` WHERE  `user_id` = 10 [ RunTime:0.001000s ]
[ sql ] [ SQL ] SHOW COLUMNS FROM `pyg_cart` [ RunTime:0.004001s ]
[ sql ] [ SQL ] SELECT * FROM `pyg_cart` WHERE  `user_id` = 10  AND `is_selected` = 1 [ RunTime:0.002000s ]
[ sql ] [ SQL ] SHOW COLUMNS FROM `pyg_goods` [ RunTime:0.004000s ]
[ sql ] [ SQL ] SELECT * FROM `pyg_goods` WHERE  `id` IN (91) [ RunTime:0.001000s ]
[ sql ] [ SQL ] SHOW COLUMNS FROM `pyg_spec_goods` [ RunTime:0.003000s ]
[ sql ] [ SQL ] SELECT * FROM `pyg_spec_goods` WHERE  `id` IN (839) [ RunTime:0.002000s ]
---------------------------------------------------------------
[ 2019-10-17T14:28:09+08:00 ] 127.0.0.1 POST /home/order_controller/save.html
[ info ] www.pyg.com/home/order_controller/save.html [运行时间：0.328018s][吞吐率：3.05req/s] [内存消耗：4,400.82kb] [文件加载：102]
[ info ] [ LANG ] E:\75phpStudy\XiangMu\hometpshop75\thinkphp\lang\zh-cn.php
[ info ] [ ROUTE ] array (
  'type' => 'module',
  'module' => 
  array (
    0 => 'home',
    1 => 'order_controller',
    2 => 'save',
  ),
)
[ info ] [ HEADER ] array (
  'cookie' => 'thinkphp_show_page_trace=0|0; thinkphp_show_page_trace=0|0; PHPSESSID=ut5a539nimrgdmc9jpkh8pf54h',
  'accept-language' => 'zh-CN,zh;q=0.9',
  'accept-encoding' => 'gzip, deflate',
  'referer' => 'http://www.pyg.com/home/order_controller/create.html',
  'accept' => 'text/html,application/xhtml+xml,application/xml;q=0.9,image/webp,image/apng,*/*;q=0.8,application/signed-exchange;v=b3',
  'user-agent' => 'Mozilla/5.0 (Windows NT 6.1; WOW64) AppleWebKit/537.36 (KHTML, like Gecko) Chrome/74.0.3729.169 Safari/537.36',
  'content-type' => 'application/x-www-form-urlencoded',
  'upgrade-insecure-requests' => '1',
  'origin' => 'http://www.pyg.com',
  'cache-control' => 'max-age=0',
  'content-length' => '12',
  'connection' => 'close',
  'host' => 'www.pyg.com',
)
[ info ] [ PARAM ] array (
  '/home/order_controller/save_html' => '',
  'address_id' => '1',
)
[ info ] [ CACHE ] INIT File
[ info ] [ RUN ] app\home\controller\OrderController->save[ E:\75phpStudy\XiangMu\hometpshop75\application\home\controller\OrderController.php ]
[ info ] [ DB ] INIT mysql
[ info ] [ SESSION ] INIT array (
  'id' => '',
  'var_session_id' => '',
  'prefix' => 'think',
  'type' => '',
  'auto_start' => true,
)
[ info ] [ LOG ] INIT File
[ sql ] [ DB ] CONNECT:[ UseTime:0.002000s ] mysql:host=127.0.0.1;port=3306;dbname=tpshop;charset=utf8
[ sql ] [ SQL ] SHOW COLUMNS FROM `pyg_address` [ RunTime:0.004000s ]
[ sql ] [ SQL ] SELECT * FROM `pyg_address` WHERE  `user_id` = 10  AND `id` = 1 LIMIT 1 [ RunTime:0.001000s ]
[ sql ] [ SQL ] SHOW COLUMNS FROM `pyg_cart` [ RunTime:0.004000s ]
[ sql ] [ SQL ] SELECT * FROM `pyg_cart` WHERE  `user_id` = 10  AND `is_selected` = 1 [ RunTime:0.002000s ]
[ sql ] [ SQL ] SHOW COLUMNS FROM `pyg_goods` [ RunTime:0.004000s ]
[ sql ] [ SQL ] SELECT * FROM `pyg_goods` WHERE  `id` IN (91) [ RunTime:0.002000s ]
[ sql ] [ SQL ] SHOW COLUMNS FROM `pyg_spec_goods` [ RunTime:0.003000s ]
[ sql ] [ SQL ] SELECT * FROM `pyg_spec_goods` WHERE  `id` IN (839) [ RunTime:0.001000s ]
[ sql ] [ SQL ] SHOW COLUMNS FROM `pyg_order` [ RunTime:0.008001s ]
[ sql ] [ SQL ] INSERT INTO `pyg_order` (`order_sn` , `consignee` , `phone` , `address` , `user_id` , `goods_price` , `shipping_price` , `coupon_price` , `order_amount` , `total_amount`) VALUES ('1015712936881671' , '小小' , '19912345678' , '马坡镇黑马程序员' , 10 , 45 , 0 , 0 , 45 , 45) [ RunTime:0.046002s ]
[ sql ] [ SQL ] SHOW COLUMNS FROM `pyg_order_goods` [ RunTime:0.005000s ]
[ sql ] [ SQL ] INSERT INTO `pyg_order_goods` (`order_id` , `goods_id` , `spec_goods_id` , `number` , `goods_name` , `goods_logo` , `goods_price` , `spec_value_names`) VALUES (82 , 91 , 839 , 1 , '转盘机枪' , '\\uploads\\goods\\20190924\\thumb_42cf2a6fa1b9e0020d2530ca728e5ce8.jpg' , 45 , '颜色:白色 版本:全网通（4G+64G）') [ RunTime:0.046003s ]
[ sql ] [ SQL ] UPDATE `pyg_spec_goods`  SET `store_count`=415,`store_frozen`=417  WHERE  `id` = 839 [ RunTime:0.001000s ]
---------------------------------------------------------------
[ 2019-10-17T14:28:09+08:00 ] 127.0.0.1 GET /home/order_controller/pay/id/82.html
[ info ] www.pyg.com/home/order_controller/pay/id/82.html [运行时间：0.207012s][吞吐率：4.83req/s] [内存消耗：4,105.03kb] [文件加载：63]
[ info ] [ LANG ] E:\75phpStudy\XiangMu\hometpshop75\thinkphp\lang\zh-cn.php
[ info ] [ ROUTE ] array (
  'type' => 'module',
  'module' => 
  array (
    0 => 'home',
    1 => 'order_controller',
    2 => 'pay',
  ),
)
[ info ] [ HEADER ] array (
  'cookie' => 'thinkphp_show_page_trace=0|0; thinkphp_show_page_trace=0|0; PHPSESSID=ut5a539nimrgdmc9jpkh8pf54h',
  'accept-language' => 'zh-CN,zh;q=0.9',
  'accept-encoding' => 'gzip, deflate',
  'referer' => 'http://www.pyg.com/home/order_controller/create.html',
  'accept' => 'text/html,application/xhtml+xml,application/xml;q=0.9,image/webp,image/apng,*/*;q=0.8,application/signed-exchange;v=b3',
  'user-agent' => 'Mozilla/5.0 (Windows NT 6.1; WOW64) AppleWebKit/537.36 (KHTML, like Gecko) Chrome/74.0.3729.169 Safari/537.36',
  'upgrade-insecure-requests' => '1',
  'cache-control' => 'max-age=0',
  'connection' => 'close',
  'host' => 'www.pyg.com',
)
[ info ] [ PARAM ] array (
  '/home/order_controller/pay/id/82_html' => '',
  'id' => '82',
)
[ info ] [ CACHE ] INIT File
[ info ] [ RUN ] app\home\controller\OrderController->pay[ E:\75phpStudy\XiangMu\hometpshop75\application\home\controller\OrderController.php ]
[ info ] [ DB ] INIT mysql
[ info ] [ VIEW ] E:\75phpStudy\XiangMu\hometpshop75\public/../application/home\view\Order_controller\pay.html [ array (
  0 => 'category',
  1 => 'order',
  2 => 'pay_type',
) ]
[ info ] [ LOG ] INIT File
[ sql ] [ DB ] CONNECT:[ UseTime:0.002000s ] mysql:host=127.0.0.1;port=3306;dbname=tpshop;charset=utf8
[ sql ] [ SQL ] SHOW COLUMNS FROM `pyg_order` [ RunTime:0.005001s ]
[ sql ] [ SQL ] SELECT * FROM `pyg_order` WHERE  `id` = 82 LIMIT 1 [ RunTime:0.002000s ]
---------------------------------------------------------------
[ 2019-10-17T14:28:14+08:00 ] 127.0.0.1 POST /home/order_controller/topay.html
[ info ] www.pyg.com/home/order_controller/topay.html [运行时间：0.088005s][吞吐率：11.36req/s] [内存消耗：3,392.51kb] [文件加载：59]
[ info ] [ LANG ] E:\75phpStudy\XiangMu\hometpshop75\thinkphp\lang\zh-cn.php
[ info ] [ ROUTE ] array (
  'type' => 'module',
  'module' => 
  array (
    0 => 'home',
    1 => 'order_controller',
    2 => 'topay',
  ),
)
[ info ] [ HEADER ] array (
  'cookie' => 'thinkphp_show_page_trace=0|0; thinkphp_show_page_trace=0|0; PHPSESSID=ut5a539nimrgdmc9jpkh8pf54h',
  'accept-language' => 'zh-CN,zh;q=0.9',
  'accept-encoding' => 'gzip, deflate',
  'referer' => 'http://www.pyg.com/home/order_controller/pay/id/82.html',
  'accept' => 'text/html,application/xhtml+xml,application/xml;q=0.9,image/webp,image/apng,*/*;q=0.8,application/signed-exchange;v=b3',
  'user-agent' => 'Mozilla/5.0 (Windows NT 6.1; WOW64) AppleWebKit/537.36 (KHTML, like Gecko) Chrome/74.0.3729.169 Safari/537.36',
  'content-type' => 'application/x-www-form-urlencoded',
  'upgrade-insecure-requests' => '1',
  'origin' => 'http://www.pyg.com',
  'cache-control' => 'max-age=0',
  'content-length' => '21',
  'connection' => 'close',
  'host' => 'www.pyg.com',
)
[ info ] [ PARAM ] array (
  '/home/order_controller/topay_html' => '',
  'id' => '82',
  'pay_type' => 'alipay',
)
[ info ] [ CACHE ] INIT File
[ info ] [ RUN ] app\home\controller\OrderController->toPay[ E:\75phpStudy\XiangMu\hometpshop75\application\home\controller\OrderController.php ]
[ info ] [ DB ] INIT mysql
[ info ] [ LOG ] INIT File
[ sql ] [ DB ] CONNECT:[ UseTime:0.002000s ] mysql:host=127.0.0.1;port=3306;dbname=tpshop;charset=utf8
[ sql ] [ SQL ] SHOW COLUMNS FROM `pyg_order` [ RunTime:0.003000s ]
[ sql ] [ SQL ] SELECT * FROM `pyg_order` WHERE  `id` = 82 LIMIT 1 [ RunTime:0.002000s ]
---------------------------------------------------------------
[ 2019-10-17T14:28:25+08:00 ] 127.0.0.1 GET /home/order_controller/create.html
[ info ] www.pyg.com/home/order_controller/create.html [运行时间：0.267015s][吞吐率：3.75req/s] [内存消耗：4,733.30kb] [文件加载：100]
[ info ] [ LANG ] E:\75phpStudy\XiangMu\hometpshop75\thinkphp\lang\zh-cn.php
[ info ] [ ROUTE ] array (
  'type' => 'module',
  'module' => 
  array (
    0 => 'home',
    1 => 'order_controller',
    2 => 'create',
  ),
)
[ info ] [ HEADER ] array (
  'cookie' => 'thinkphp_show_page_trace=0|0; thinkphp_show_page_trace=0|0; PHPSESSID=ut5a539nimrgdmc9jpkh8pf54h',
  'accept-language' => 'zh-CN,zh;q=0.9',
  'accept-encoding' => 'gzip, deflate',
  'referer' => 'http://www.pyg.com/home/cart_controller/cart_list.html',
  'accept' => 'text/html,application/xhtml+xml,application/xml;q=0.9,image/webp,image/apng,*/*;q=0.8,application/signed-exchange;v=b3',
  'user-agent' => 'Mozilla/5.0 (Windows NT 6.1; WOW64) AppleWebKit/537.36 (KHTML, like Gecko) Chrome/74.0.3729.169 Safari/537.36',
  'upgrade-insecure-requests' => '1',
  'connection' => 'close',
  'host' => 'www.pyg.com',
)
[ info ] [ PARAM ] array (
  '/home/order_controller/create_html' => '',
)
[ info ] [ CACHE ] INIT File
[ info ] [ RUN ] app\home\controller\OrderController->create[ E:\75phpStudy\XiangMu\hometpshop75\application\home\controller\OrderController.php ]
[ info ] [ SESSION ] INIT array (
  'id' => '',
  'var_session_id' => '',
  'prefix' => 'think',
  'type' => '',
  'auto_start' => true,
)
[ info ] [ DB ] INIT mysql
[ info ] [ VIEW ] E:\75phpStudy\XiangMu\hometpshop75\public/../application/home\view\Order_controller\order.html [ array (
  0 => 'category',
  1 => 'address',
  2 => 'cart_data',
) ]
[ info ] [ LOG ] INIT File
[ sql ] [ DB ] CONNECT:[ UseTime:0.002000s ] mysql:host=127.0.0.1;port=3306;dbname=tpshop;charset=utf8
[ sql ] [ SQL ] SHOW COLUMNS FROM `pyg_address` [ RunTime:0.004001s ]
[ sql ] [ SQL ] SELECT * FROM `pyg_address` WHERE  `user_id` = 10 [ RunTime:0.002000s ]
[ sql ] [ SQL ] SHOW COLUMNS FROM `pyg_cart` [ RunTime:0.005000s ]
[ sql ] [ SQL ] SELECT * FROM `pyg_cart` WHERE  `user_id` = 10  AND `is_selected` = 1 [ RunTime:0.001000s ]
[ sql ] [ SQL ] SHOW COLUMNS FROM `pyg_goods` [ RunTime:0.003000s ]
[ sql ] [ SQL ] SELECT * FROM `pyg_goods` WHERE  `id` IN (91) [ RunTime:0.002000s ]
[ sql ] [ SQL ] SHOW COLUMNS FROM `pyg_spec_goods` [ RunTime:0.002000s ]
[ sql ] [ SQL ] SELECT * FROM `pyg_spec_goods` WHERE  `id` IN (839) [ RunTime:0.001000s ]
---------------------------------------------------------------
[ 2019-10-17T14:28:26+08:00 ] 127.0.0.1 GET /home/cart_controller/cart_list.html
[ info ] www.pyg.com/home/cart_controller/cart_list.html [运行时间：0.204012s][吞吐率：4.90req/s] [内存消耗：3,756.04kb] [文件加载：65]
[ info ] [ LANG ] E:\75phpStudy\XiangMu\hometpshop75\thinkphp\lang\zh-cn.php
[ info ] [ ROUTE ] array (
  'type' => 'module',
  'module' => 
  array (
    0 => 'home',
    1 => 'cart_controller',
    2 => 'cart_list',
  ),
)
[ info ] [ HEADER ] array (
  'cookie' => 'thinkphp_show_page_trace=0|0; thinkphp_show_page_trace=0|0; PHPSESSID=ut5a539nimrgdmc9jpkh8pf54h',
  'accept-language' => 'zh-CN,zh;q=0.9',
  'accept-encoding' => 'gzip, deflate',
  'referer' => 'http://www.pyg.com/home/cart_controller/addcart.html',
  'accept' => 'text/html,application/xhtml+xml,application/xml;q=0.9,image/webp,image/apng,*/*;q=0.8,application/signed-exchange;v=b3',
  'user-agent' => 'Mozilla/5.0 (Windows NT 6.1; WOW64) AppleWebKit/537.36 (KHTML, like Gecko) Chrome/74.0.3729.169 Safari/537.36',
  'upgrade-insecure-requests' => '1',
  'connection' => 'close',
  'host' => 'www.pyg.com',
)
[ info ] [ PARAM ] array (
  '/home/cart_controller/cart_list_html' => '',
)
[ info ] [ CACHE ] INIT File
[ info ] [ RUN ] app\home\controller\CartController->cart_list[ E:\75phpStudy\XiangMu\hometpshop75\application\home\controller\CartController.php ]
[ info ] [ SESSION ] INIT array (
  'id' => '',
  'var_session_id' => '',
  'prefix' => 'think',
  'type' => '',
  'auto_start' => true,
)
[ info ] [ DB ] INIT mysql
[ info ] [ VIEW ] E:\75phpStudy\XiangMu\hometpshop75\public/../application/home\view\Cart_controller\cart_list.html [ array (
  0 => 'category',
  1 => 'list',
) ]
[ info ] [ LOG ] INIT File
[ sql ] [ DB ] CONNECT:[ UseTime:0.002000s ] mysql:host=127.0.0.1;port=3306;dbname=tpshop;charset=utf8
[ sql ] [ SQL ] SHOW COLUMNS FROM `pyg_cart` [ RunTime:0.004000s ]
[ sql ] [ SQL ] SELECT `user_id`,`goods_id`,`spec_goods_id`,`number`,`is_selected`,`id` FROM `pyg_cart` WHERE  `user_id` = 10 [ RunTime:0.001000s ]
---------------------------------------------------------------
[ 2019-10-17T14:41:41+08:00 ] 127.0.0.1 GET /home/order_controller/create.html
[ info ] www.pyg.com/home/order_controller/create.html [运行时间：0.132007s][吞吐率：7.58req/s] [内存消耗：3,326.75kb] [文件加载：60]
[ info ] [ LANG ] E:\75phpStudy\XiangMu\hometpshop75\thinkphp\lang\zh-cn.php
[ info ] [ ROUTE ] array (
  'type' => 'module',
  'module' => 
  array (
    0 => 'home',
    1 => 'order_controller',
    2 => 'create',
  ),
)
[ info ] [ HEADER ] array (
  'cookie' => 'thinkphp_show_page_trace=0|0; thinkphp_show_page_trace=0|0; PHPSESSID=ut5a539nimrgdmc9jpkh8pf54h',
  'accept-language' => 'zh-CN,zh;q=0.9',
  'accept-encoding' => 'gzip, deflate',
  'referer' => 'http://www.pyg.com/home/cart_controller/cart_list.html',
  'accept' => 'text/html,application/xhtml+xml,application/xml;q=0.9,image/webp,image/apng,*/*;q=0.8,application/signed-exchange;v=b3',
  'user-agent' => 'Mozilla/5.0 (Windows NT 6.1; WOW64) AppleWebKit/537.36 (KHTML, like Gecko) Chrome/74.0.3729.169 Safari/537.36',
  'upgrade-insecure-requests' => '1',
  'connection' => 'close',
  'host' => 'www.pyg.com',
)
[ info ] [ PARAM ] array (
  '/home/order_controller/create_html' => '',
)
[ info ] [ CACHE ] INIT File
[ info ] [ RUN ] app\home\controller\OrderController->create[ E:\75phpStudy\XiangMu\hometpshop75\application\home\controller\OrderController.php ]
[ info ] [ SESSION ] INIT array (
  'id' => '',
  'var_session_id' => '',
  'prefix' => 'think',
  'type' => '',
  'auto_start' => true,
)
[ info ] [ DB ] INIT mysql
[ info ] [ LOG ] INIT File
[ error ] [1045]SQLSTATE[HY000] [1045] Access denied for user 'root'@'localhost' (using password: YES)[E:\75phpStudy\XiangMu\hometpshop75\thinkphp\library\think\db\Connection.php:295]
---------------------------------------------------------------
[ 2019-10-17T14:41:46+08:00 ] 127.0.0.1 GET /home/cart_controller/cart_list.html
[ info ] www.pyg.com/home/cart_controller/cart_list.html [运行时间：0.101006s][吞吐率：9.90req/s] [内存消耗：3,312.79kb] [文件加载：61]
[ info ] [ LANG ] E:\75phpStudy\XiangMu\hometpshop75\thinkphp\lang\zh-cn.php
[ info ] [ ROUTE ] array (
  'type' => 'module',
  'module' => 
  array (
    0 => 'home',
    1 => 'cart_controller',
    2 => 'cart_list',
  ),
)
[ info ] [ HEADER ] array (
  'cookie' => 'thinkphp_show_page_trace=0|0; thinkphp_show_page_trace=0|0; PHPSESSID=ut5a539nimrgdmc9jpkh8pf54h',
  'accept-language' => 'zh-CN,zh;q=0.9',
  'accept-encoding' => 'gzip, deflate',
  'referer' => 'http://www.pyg.com/home/cart_controller/addcart.html',
  'accept' => 'text/html,application/xhtml+xml,application/xml;q=0.9,image/webp,image/apng,*/*;q=0.8,application/signed-exchange;v=b3',
  'user-agent' => 'Mozilla/5.0 (Windows NT 6.1; WOW64) AppleWebKit/537.36 (KHTML, like Gecko) Chrome/74.0.3729.169 Safari/537.36',
  'upgrade-insecure-requests' => '1',
  'connection' => 'close',
  'host' => 'www.pyg.com',
)
[ info ] [ PARAM ] array (
  '/home/cart_controller/cart_list_html' => '',
)
[ info ] [ CACHE ] INIT File
[ info ] [ RUN ] app\home\controller\CartController->cart_list[ E:\75phpStudy\XiangMu\hometpshop75\application\home\controller\CartController.php ]
[ info ] [ SESSION ] INIT array (
  'id' => '',
  'var_session_id' => '',
  'prefix' => 'think',
  'type' => '',
  'auto_start' => true,
)
[ info ] [ DB ] INIT mysql
[ info ] [ LOG ] INIT File
[ error ] [1045]SQLSTATE[HY000] [1045] Access denied for user 'root'@'localhost' (using password: YES)[E:\75phpStudy\XiangMu\hometpshop75\thinkphp\library\think\db\Connection.php:295]
---------------------------------------------------------------
[ 2019-10-17T14:41:51+08:00 ] 127.0.0.1 GET /home/cart_controller/cart_list.html
[ info ] www.pyg.com/home/cart_controller/cart_list.html [运行时间：0.102006s][吞吐率：9.80req/s] [内存消耗：3,312.79kb] [文件加载：61]
[ info ] [ LANG ] E:\75phpStudy\XiangMu\hometpshop75\thinkphp\lang\zh-cn.php
[ info ] [ ROUTE ] array (
  'type' => 'module',
  'module' => 
  array (
    0 => 'home',
    1 => 'cart_controller',
    2 => 'cart_list',
  ),
)
[ info ] [ HEADER ] array (
  'cookie' => 'thinkphp_show_page_trace=0|0; thinkphp_show_page_trace=0|0; PHPSESSID=ut5a539nimrgdmc9jpkh8pf54h',
  'accept-language' => 'zh-CN,zh;q=0.9',
  'accept-encoding' => 'gzip, deflate',
  'referer' => 'http://www.pyg.com/home/cart_controller/addcart.html',
  'accept' => 'text/html,application/xhtml+xml,application/xml;q=0.9,image/webp,image/apng,*/*;q=0.8,application/signed-exchange;v=b3',
  'user-agent' => 'Mozilla/5.0 (Windows NT 6.1; WOW64) AppleWebKit/537.36 (KHTML, like Gecko) Chrome/74.0.3729.169 Safari/537.36',
  'upgrade-insecure-requests' => '1',
  'connection' => 'close',
  'host' => 'www.pyg.com',
)
[ info ] [ PARAM ] array (
  '/home/cart_controller/cart_list_html' => '',
)
[ info ] [ CACHE ] INIT File
[ info ] [ RUN ] app\home\controller\CartController->cart_list[ E:\75phpStudy\XiangMu\hometpshop75\application\home\controller\CartController.php ]
[ info ] [ SESSION ] INIT array (
  'id' => '',
  'var_session_id' => '',
  'prefix' => 'think',
  'type' => '',
  'auto_start' => true,
)
[ info ] [ DB ] INIT mysql
[ info ] [ LOG ] INIT File
[ error ] [1045]SQLSTATE[HY000] [1045] Access denied for user 'root'@'localhost' (using password: YES)[E:\75phpStudy\XiangMu\hometpshop75\thinkphp\library\think\db\Connection.php:295]
---------------------------------------------------------------
[ 2019-10-17T14:42:02+08:00 ] 127.0.0.1 GET /home/goods_controller/index/id/17.html
[ info ] www.pyg.com/home/goods_controller/index/id/17.html [运行时间：0.140008s][吞吐率：7.14req/s] [内存消耗：4,211.80kb] [文件加载：93]
[ info ] [ LANG ] E:\75phpStudy\XiangMu\hometpshop75\thinkphp\lang\zh-cn.php
[ info ] [ ROUTE ] array (
  'type' => 'module',
  'module' => 
  array (
    0 => 'home',
    1 => 'goods_controller',
    2 => 'index',
  ),
)
[ info ] [ HEADER ] array (
  'cookie' => 'thinkphp_show_page_trace=0|0; thinkphp_show_page_trace=0|0; PHPSESSID=ut5a539nimrgdmc9jpkh8pf54h',
  'accept-language' => 'zh-CN,zh;q=0.9',
  'accept-encoding' => 'gzip, deflate',
  'referer' => 'http://www.pyg.com/',
  'accept' => 'text/html,application/xhtml+xml,application/xml;q=0.9,image/webp,image/apng,*/*;q=0.8,application/signed-exchange;v=b3',
  'user-agent' => 'Mozilla/5.0 (Windows NT 6.1; WOW64) AppleWebKit/537.36 (KHTML, like Gecko) Chrome/74.0.3729.169 Safari/537.36',
  'upgrade-insecure-requests' => '1',
  'cache-control' => 'max-age=0',
  'connection' => 'close',
  'host' => 'www.pyg.com',
)
[ info ] [ PARAM ] array (
  '/home/goods_controller/index/id/17_html' => '',
  'id' => '17',
)
[ info ] [ CACHE ] INIT File
[ info ] [ RUN ] app\home\controller\GoodsController->index[ E:\75phpStudy\XiangMu\hometpshop75\application\home\controller\GoodsController.php ]
[ info ] [ DB ] INIT mysql
[ info ] [ LOG ] INIT File
[ error ] [1045]SQLSTATE[HY000] [1045] Access denied for user 'root'@'localhost' (using password: YES)[E:\75phpStudy\XiangMu\hometpshop75\thinkphp\library\think\db\Connection.php:295]
---------------------------------------------------------------
[ 2019-10-17T14:49:21+08:00 ] 127.0.0.1 GET /
[ info ] www.pyg.com/ [运行时间：0.126008s][吞吐率：7.94req/s] [内存消耗：3,283.69kb] [文件加载：60]
[ info ] [ LANG ] E:\75phpStudy\XiangMu\hometpshop75\thinkphp\lang\zh-cn.php
[ info ] [ ROUTE ] array (
  'type' => 'module',
  'module' => 
  array (
    0 => '',
    1 => NULL,
    2 => NULL,
  ),
)
[ info ] [ HEADER ] array (
  'cookie' => 'thinkphp_show_page_trace=0|0; PHPSESSID=ut5a539nimrgdmc9jpkh8pf54h',
  'accept-language' => 'zh-CN,zh;q=0.9',
  'accept-encoding' => 'gzip, deflate',
  'accept' => 'text/html,application/xhtml+xml,application/xml;q=0.9,image/webp,image/apng,*/*;q=0.8,application/signed-exchange;v=b3',
  'user-agent' => 'Mozilla/5.0 (Windows NT 6.1; WOW64) AppleWebKit/537.36 (KHTML, like Gecko) Chrome/74.0.3729.169 Safari/537.36',
  'upgrade-insecure-requests' => '1',
  'connection' => 'close',
  'host' => 'www.pyg.com',
)
[ info ] [ PARAM ] array (
)
[ info ] [ CACHE ] INIT File
[ info ] [ RUN ] app\home\controller\Index->index[ E:\75phpStudy\XiangMu\hometpshop75\application\home\controller\Index.php ]
[ info ] [ DB ] INIT mysql
[ info ] [ LOG ] INIT File
[ error ] [1045]SQLSTATE[HY000] [1045] Access denied for user 'root'@'localhost' (using password: YES)[E:\75phpStudy\XiangMu\hometpshop75\thinkphp\library\think\db\Connection.php:295]
---------------------------------------------------------------
[ 2019-10-17T14:50:04+08:00 ] 127.0.0.1 GET /
[ info ] www.pyg.com/ [运行时间：0.201011s][吞吐率：4.97req/s] [内存消耗：3,746.69kb] [文件加载：63]
[ info ] [ LANG ] E:\75phpStudy\XiangMu\hometpshop75\thinkphp\lang\zh-cn.php
[ info ] [ ROUTE ] array (
  'type' => 'module',
  'module' => 
  array (
    0 => '',
    1 => NULL,
    2 => NULL,
  ),
)
[ info ] [ HEADER ] array (
  'cookie' => 'thinkphp_show_page_trace=0|0; PHPSESSID=ut5a539nimrgdmc9jpkh8pf54h',
  'accept-language' => 'zh-CN,zh;q=0.9',
  'accept-encoding' => 'gzip, deflate',
  'accept' => 'text/html,application/xhtml+xml,application/xml;q=0.9,image/webp,image/apng,*/*;q=0.8,application/signed-exchange;v=b3',
  'user-agent' => 'Mozilla/5.0 (Windows NT 6.1; WOW64) AppleWebKit/537.36 (KHTML, like Gecko) Chrome/74.0.3729.169 Safari/537.36',
  'upgrade-insecure-requests' => '1',
  'cache-control' => 'max-age=0',
  'connection' => 'close',
  'host' => 'www.pyg.com',
)
[ info ] [ PARAM ] array (
)
[ info ] [ CACHE ] INIT File
[ info ] [ RUN ] app\home\controller\Index->index[ E:\75phpStudy\XiangMu\hometpshop75\application\home\controller\Index.php ]
[ info ] [ DB ] INIT mysql
[ info ] [ VIEW ] E:\75phpStudy\XiangMu\hometpshop75\public/../application/home\view\Index\index.html [ array (
  0 => 'category',
  1 => 'lives',
) ]
[ info ] [ LOG ] INIT File
[ sql ] [ DB ] CONNECT:[ UseTime:0.002000s ] mysql:host=127.0.0.1;port=3306;dbname=tpshop;charset=utf8
[ sql ] [ SQL ] SHOW COLUMNS FROM `pyg_live` [ RunTime:0.004000s ]
[ sql ] [ SQL ] SELECT * FROM `pyg_live` ORDER BY `id` DESC LIMIT 6 [ RunTime:0.002000s ]
---------------------------------------------------------------
[ 2019-10-17T14:50:07+08:00 ] 127.0.0.1 GET /home/goods_controller/index/id/17.html
[ info ] www.pyg.com/home/goods_controller/index/id/17.html [运行时间：0.227013s][吞吐率：4.41req/s] [内存消耗：4,672.97kb] [文件加载：97]
[ info ] [ LANG ] E:\75phpStudy\XiangMu\hometpshop75\thinkphp\lang\zh-cn.php
[ info ] [ ROUTE ] array (
  'type' => 'module',
  'module' => 
  array (
    0 => 'home',
    1 => 'goods_controller',
    2 => 'index',
  ),
)
[ info ] [ HEADER ] array (
  'cookie' => 'thinkphp_show_page_trace=0|0; thinkphp_show_page_trace=0|0; PHPSESSID=ut5a539nimrgdmc9jpkh8pf54h',
  'accept-language' => 'zh-CN,zh;q=0.9',
  'accept-encoding' => 'gzip, deflate',
  'referer' => 'http://www.pyg.com/',
  'accept' => 'text/html,application/xhtml+xml,application/xml;q=0.9,image/webp,image/apng,*/*;q=0.8,application/signed-exchange;v=b3',
  'user-agent' => 'Mozilla/5.0 (Windows NT 6.1; WOW64) AppleWebKit/537.36 (KHTML, like Gecko) Chrome/74.0.3729.169 Safari/537.36',
  'upgrade-insecure-requests' => '1',
  'connection' => 'close',
  'host' => 'www.pyg.com',
)
[ info ] [ PARAM ] array (
  '/home/goods_controller/index/id/17_html' => '',
  'id' => '17',
)
[ info ] [ CACHE ] INIT File
[ info ] [ RUN ] app\home\controller\GoodsController->index[ E:\75phpStudy\XiangMu\hometpshop75\application\home\controller\GoodsController.php ]
[ info ] [ DB ] INIT mysql
[ info ] [ VIEW ] E:\75phpStudy\XiangMu\hometpshop75\public/../application/home\view\Goods_controller\index.html [ array (
  0 => 'category',
  1 => 'list',
  2 => 'cate_name',
) ]
[ info ] [ LOG ] INIT File
[ sql ] [ DB ] CONNECT:[ UseTime:0.002000s ] mysql:host=127.0.0.1;port=3306;dbname=tpshop;charset=utf8
[ sql ] [ SQL ] SHOW COLUMNS FROM `pyg_goods` [ RunTime:0.004000s ]
[ sql ] [ SQL ] SELECT COUNT(*) AS tp_count FROM `pyg_goods` WHERE  `cate_id` = 17 LIMIT 1 [ RunTime:0.001000s ]
[ sql ] [ SQL ] SELECT * FROM `pyg_goods` WHERE  `cate_id` = 17 ORDER BY `id` DESC LIMIT 0,10 [ RunTime:0.001001s ]
[ sql ] [ SQL ] SHOW COLUMNS FROM `pyg_category` [ RunTime:0.003000s ]
[ sql ] [ SQL ] SELECT * FROM `pyg_category` WHERE  `id` = 17 LIMIT 1 [ RunTime:0.001000s ]
---------------------------------------------------------------
[ 2019-10-17T14:50:07+08:00 ] 127.0.0.1 GET /uploads/goods/20191009/thumb_1e4dc5d77e38244387fe20cdba53f9d4.jpg
[ info ] www.pyg.com/uploads/goods/20191009/thumb_1e4dc5d77e38244387fe20cdba53f9d4.jpg [运行时间：0.062004s][吞吐率：16.13req/s] [内存消耗：1,253.33kb] [文件加载：42]
[ info ] [ LANG ] E:\75phpStudy\XiangMu\hometpshop75\thinkphp\lang\zh-cn.php
[ info ] [ ROUTE ] array (
  'type' => 'module',
  'module' => 
  array (
    0 => 'uploads',
    1 => 'goods',
    2 => '20191009',
  ),
)
[ info ] [ HEADER ] array (
  'cookie' => 'thinkphp_show_page_trace=0|0; PHPSESSID=ut5a539nimrgdmc9jpkh8pf54h',
  'accept-language' => 'zh-CN,zh;q=0.9',
  'accept-encoding' => 'gzip, deflate',
  'referer' => 'http://www.pyg.com/home/goods_controller/index/id/17.html',
  'accept' => 'image/webp,image/apng,image/*,*/*;q=0.8',
  'user-agent' => 'Mozilla/5.0 (Windows NT 6.1; WOW64) AppleWebKit/537.36 (KHTML, like Gecko) Chrome/74.0.3729.169 Safari/537.36',
  'connection' => 'close',
  'host' => 'www.pyg.com',
)
[ info ] [ PARAM ] array (
  '/uploads/goods/20191009/thumb_1e4dc5d77e38244387fe20cdba53f9d4_jpg' => '',
)
[ info ] [ LOG ] INIT File
---------------------------------------------------------------
[ 2019-10-17T14:50:10+08:00 ] 127.0.0.1 GET /home/goods_controller/detail/id/91.html
[ info ] www.pyg.com/home/goods_controller/detail/id/91.html [运行时间：0.291016s][吞吐率：3.44req/s] [内存消耗：4,772.27kb] [文件加载：101]
[ info ] [ LANG ] E:\75phpStudy\XiangMu\hometpshop75\thinkphp\lang\zh-cn.php
[ info ] [ ROUTE ] array (
  'type' => 'module',
  'module' => 
  array (
    0 => 'home',
    1 => 'goods_controller',
    2 => 'detail',
  ),
)
[ info ] [ HEADER ] array (
  'cookie' => 'thinkphp_show_page_trace=0|0; thinkphp_show_page_trace=0|0; PHPSESSID=ut5a539nimrgdmc9jpkh8pf54h',
  'accept-language' => 'zh-CN,zh;q=0.9',
  'accept-encoding' => 'gzip, deflate',
  'referer' => 'http://www.pyg.com/home/goods_controller/index/id/17.html',
  'accept' => 'text/html,application/xhtml+xml,application/xml;q=0.9,image/webp,image/apng,*/*;q=0.8,application/signed-exchange;v=b3',
  'user-agent' => 'Mozilla/5.0 (Windows NT 6.1; WOW64) AppleWebKit/537.36 (KHTML, like Gecko) Chrome/74.0.3729.169 Safari/537.36',
  'upgrade-insecure-requests' => '1',
  'connection' => 'close',
  'host' => 'www.pyg.com',
)
[ info ] [ PARAM ] array (
  '/home/goods_controller/detail/id/91_html' => '',
  'id' => '91',
)
[ info ] [ CACHE ] INIT File
[ info ] [ RUN ] app\home\controller\GoodsController->detail[ E:\75phpStudy\XiangMu\hometpshop75\application\home\controller\GoodsController.php ]
[ info ] [ DB ] INIT mysql
[ info ] [ VIEW ] E:\75phpStudy\XiangMu\hometpshop75\public/../application/home\view\Goods_controller\detail.html [ array (
  0 => 'category',
  1 => 'spec',
  2 => 'goods',
  3 => 'value_ids_map',
) ]
[ info ] [ LOG ] INIT File
[ sql ] [ DB ] CONNECT:[ UseTime:0.002000s ] mysql:host=127.0.0.1;port=3306;dbname=tpshop;charset=utf8
[ sql ] [ SQL ] SHOW COLUMNS FROM `pyg_goods` [ RunTime:0.009001s ]
[ sql ] [ SQL ] SELECT * FROM `pyg_goods` WHERE  `id` = 91 LIMIT 1 [ RunTime:0.001000s ]
[ sql ] [ SQL ] SHOW COLUMNS FROM `pyg_spec_goods` [ RunTime:0.003000s ]
[ sql ] [ SQL ] SELECT * FROM `pyg_spec_goods` WHERE  `goods_id` = 91 [ RunTime:0.002000s ]
[ sql ] [ SQL ] SHOW COLUMNS FROM `pyg_goods_images` [ RunTime:0.003000s ]
[ sql ] [ SQL ] SELECT * FROM `pyg_goods_images` WHERE  `goods_id` = 91 [ RunTime:0.002001s ]
[ sql ] [ SQL ] SHOW COLUMNS FROM `pyg_spec_value` [ RunTime:0.004000s ]
[ sql ] [ SQL ] SELECT * FROM `pyg_spec_value` WHERE  `id` IN (1,3,4,2) [ RunTime:0.002000s ]
[ sql ] [ SQL ] SHOW COLUMNS FROM `pyg_spec` [ RunTime:0.005001s ]
[ sql ] [ SQL ] SELECT * FROM `pyg_spec` WHERE  `id` IN (19,20) [ RunTime:0.005000s ]
---------------------------------------------------------------
[ 2019-10-17T14:50:13+08:00 ] 127.0.0.1 POST /home/cart_controller/addcart.html
[ info ] www.pyg.com/home/cart_controller/addcart.html [运行时间：0.234014s][吞吐率：4.27req/s] [内存消耗：3,741.86kb] [文件加载：64]
[ info ] [ LANG ] E:\75phpStudy\XiangMu\hometpshop75\thinkphp\lang\zh-cn.php
[ info ] [ ROUTE ] array (
  'type' => 'module',
  'module' => 
  array (
    0 => 'home',
    1 => 'cart_controller',
    2 => 'addcart',
  ),
)
[ info ] [ HEADER ] array (
  'cookie' => 'thinkphp_show_page_trace=0|0; thinkphp_show_page_trace=0|0; PHPSESSID=ut5a539nimrgdmc9jpkh8pf54h',
  'accept-language' => 'zh-CN,zh;q=0.9',
  'accept-encoding' => 'gzip, deflate',
  'referer' => 'http://www.pyg.com/home/goods_controller/detail/id/91.html',
  'accept' => 'text/html,application/xhtml+xml,application/xml;q=0.9,image/webp,image/apng,*/*;q=0.8,application/signed-exchange;v=b3',
  'user-agent' => 'Mozilla/5.0 (Windows NT 6.1; WOW64) AppleWebKit/537.36 (KHTML, like Gecko) Chrome/74.0.3729.169 Safari/537.36',
  'content-type' => 'application/x-www-form-urlencoded',
  'upgrade-insecure-requests' => '1',
  'origin' => 'http://www.pyg.com',
  'cache-control' => 'max-age=0',
  'content-length' => '38',
  'connection' => 'close',
  'host' => 'www.pyg.com',
)
[ info ] [ PARAM ] array (
  '/home/cart_controller/addcart_html' => '',
  'number' => '3',
  'goods_id' => '91',
  'goods_spec_id' => '839',
)
[ info ] [ CACHE ] INIT File
[ info ] [ RUN ] app\home\controller\CartController->addcart[ E:\75phpStudy\XiangMu\hometpshop75\application\home\controller\CartController.php ]
[ info ] [ SESSION ] INIT array (
  'id' => '',
  'var_session_id' => '',
  'prefix' => 'think',
  'type' => '',
  'auto_start' => true,
)
[ info ] [ DB ] INIT mysql
[ info ] [ VIEW ] E:\75phpStudy\XiangMu\hometpshop75\public/../application/home\view\Cart_controller\cart_add.html [ array (
  0 => 'category',
  1 => 'goods',
  2 => 'number',
) ]
[ info ] [ LOG ] INIT File
[ sql ] [ DB ] CONNECT:[ UseTime:0.002000s ] mysql:host=127.0.0.1;port=3306;dbname=tpshop;charset=utf8
[ sql ] [ SQL ] SHOW COLUMNS FROM `pyg_cart` [ RunTime:0.003001s ]
[ sql ] [ SQL ] SELECT * FROM `pyg_cart` WHERE  `goods_id` = 91  AND `spec_goods_id` = 839  AND `user_id` = 10  AND `is_selected` = 1 LIMIT 1 [ RunTime:0.001000s ]
[ sql ] [ SQL ] UPDATE `pyg_cart`  SET `number`=4  WHERE  `id` = 51 [ RunTime:0.003000s ]
---------------------------------------------------------------
[ 2019-10-17T14:50:15+08:00 ] 127.0.0.1 GET /home/cart_controller/cart_list.html
[ info ] www.pyg.com/home/cart_controller/cart_list.html [运行时间：0.205011s][吞吐率：4.88req/s] [内存消耗：3,756.04kb] [文件加载：65]
[ info ] [ LANG ] E:\75phpStudy\XiangMu\hometpshop75\thinkphp\lang\zh-cn.php
[ info ] [ ROUTE ] array (
  'type' => 'module',
  'module' => 
  array (
    0 => 'home',
    1 => 'cart_controller',
    2 => 'cart_list',
  ),
)
[ info ] [ HEADER ] array (
  'cookie' => 'thinkphp_show_page_trace=0|0; thinkphp_show_page_trace=0|0; PHPSESSID=ut5a539nimrgdmc9jpkh8pf54h',
  'accept-language' => 'zh-CN,zh;q=0.9',
  'accept-encoding' => 'gzip, deflate',
  'referer' => 'http://www.pyg.com/home/cart_controller/addcart.html',
  'accept' => 'text/html,application/xhtml+xml,application/xml;q=0.9,image/webp,image/apng,*/*;q=0.8,application/signed-exchange;v=b3',
  'user-agent' => 'Mozilla/5.0 (Windows NT 6.1; WOW64) AppleWebKit/537.36 (KHTML, like Gecko) Chrome/74.0.3729.169 Safari/537.36',
  'upgrade-insecure-requests' => '1',
  'connection' => 'close',
  'host' => 'www.pyg.com',
)
[ info ] [ PARAM ] array (
  '/home/cart_controller/cart_list_html' => '',
)
[ info ] [ CACHE ] INIT File
[ info ] [ RUN ] app\home\controller\CartController->cart_list[ E:\75phpStudy\XiangMu\hometpshop75\application\home\controller\CartController.php ]
[ info ] [ SESSION ] INIT array (
  'id' => '',
  'var_session_id' => '',
  'prefix' => 'think',
  'type' => '',
  'auto_start' => true,
)
[ info ] [ DB ] INIT mysql
[ info ] [ VIEW ] E:\75phpStudy\XiangMu\hometpshop75\public/../application/home\view\Cart_controller\cart_list.html [ array (
  0 => 'category',
  1 => 'list',
) ]
[ info ] [ LOG ] INIT File
[ sql ] [ DB ] CONNECT:[ UseTime:0.002000s ] mysql:host=127.0.0.1;port=3306;dbname=tpshop;charset=utf8
[ sql ] [ SQL ] SHOW COLUMNS FROM `pyg_cart` [ RunTime:0.003000s ]
[ sql ] [ SQL ] SELECT `user_id`,`goods_id`,`spec_goods_id`,`number`,`is_selected`,`id` FROM `pyg_cart` WHERE  `user_id` = 10 [ RunTime:0.001000s ]
---------------------------------------------------------------
[ 2019-10-17T14:50:18+08:00 ] 127.0.0.1 GET /home/order_controller/create.html
[ info ] www.pyg.com/home/order_controller/create.html [运行时间：0.227013s][吞吐率：4.41req/s] [内存消耗：4,733.30kb] [文件加载：100]
[ info ] [ LANG ] E:\75phpStudy\XiangMu\hometpshop75\thinkphp\lang\zh-cn.php
[ info ] [ ROUTE ] array (
  'type' => 'module',
  'module' => 
  array (
    0 => 'home',
    1 => 'order_controller',
    2 => 'create',
  ),
)
[ info ] [ HEADER ] array (
  'cookie' => 'thinkphp_show_page_trace=0|0; thinkphp_show_page_trace=0|0; PHPSESSID=ut5a539nimrgdmc9jpkh8pf54h',
  'accept-language' => 'zh-CN,zh;q=0.9',
  'accept-encoding' => 'gzip, deflate',
  'referer' => 'http://www.pyg.com/home/cart_controller/cart_list.html',
  'accept' => 'text/html,application/xhtml+xml,application/xml;q=0.9,image/webp,image/apng,*/*;q=0.8,application/signed-exchange;v=b3',
  'user-agent' => 'Mozilla/5.0 (Windows NT 6.1; WOW64) AppleWebKit/537.36 (KHTML, like Gecko) Chrome/74.0.3729.169 Safari/537.36',
  'upgrade-insecure-requests' => '1',
  'connection' => 'close',
  'host' => 'www.pyg.com',
)
[ info ] [ PARAM ] array (
  '/home/order_controller/create_html' => '',
)
[ info ] [ CACHE ] INIT File
[ info ] [ RUN ] app\home\controller\OrderController->create[ E:\75phpStudy\XiangMu\hometpshop75\application\home\controller\OrderController.php ]
[ info ] [ SESSION ] INIT array (
  'id' => '',
  'var_session_id' => '',
  'prefix' => 'think',
  'type' => '',
  'auto_start' => true,
)
[ info ] [ DB ] INIT mysql
[ info ] [ VIEW ] E:\75phpStudy\XiangMu\hometpshop75\public/../application/home\view\Order_controller\order.html [ array (
  0 => 'category',
  1 => 'address',
  2 => 'cart_data',
) ]
[ info ] [ LOG ] INIT File
[ sql ] [ DB ] CONNECT:[ UseTime:0.002000s ] mysql:host=127.0.0.1;port=3306;dbname=tpshop;charset=utf8
[ sql ] [ SQL ] SHOW COLUMNS FROM `pyg_address` [ RunTime:0.003000s ]
[ sql ] [ SQL ] SELECT * FROM `pyg_address` WHERE  `user_id` = 10 [ RunTime:0.001001s ]
[ sql ] [ SQL ] SHOW COLUMNS FROM `pyg_cart` [ RunTime:0.003000s ]
[ sql ] [ SQL ] SELECT * FROM `pyg_cart` WHERE  `user_id` = 10  AND `is_selected` = 1 [ RunTime:0.001000s ]
[ sql ] [ SQL ] SHOW COLUMNS FROM `pyg_goods` [ RunTime:0.002000s ]
[ sql ] [ SQL ] SELECT * FROM `pyg_goods` WHERE  `id` IN (91) [ RunTime:0.001000s ]
[ sql ] [ SQL ] SHOW COLUMNS FROM `pyg_spec_goods` [ RunTime:0.003001s ]
[ sql ] [ SQL ] SELECT * FROM `pyg_spec_goods` WHERE  `id` IN (839) [ RunTime:0.001000s ]
---------------------------------------------------------------
[ 2019-10-17T14:50:22+08:00 ] 127.0.0.1 POST /home/order_controller/save.html
[ info ] www.pyg.com/home/order_controller/save.html [运行时间：0.147008s][吞吐率：6.80req/s] [内存消耗：4,400.82kb] [文件加载：102]
[ info ] [ LANG ] E:\75phpStudy\XiangMu\hometpshop75\thinkphp\lang\zh-cn.php
[ info ] [ ROUTE ] array (
  'type' => 'module',
  'module' => 
  array (
    0 => 'home',
    1 => 'order_controller',
    2 => 'save',
  ),
)
[ info ] [ HEADER ] array (
  'cookie' => 'thinkphp_show_page_trace=0|0; thinkphp_show_page_trace=0|0; PHPSESSID=ut5a539nimrgdmc9jpkh8pf54h',
  'accept-language' => 'zh-CN,zh;q=0.9',
  'accept-encoding' => 'gzip, deflate',
  'referer' => 'http://www.pyg.com/home/order_controller/create.html',
  'accept' => 'text/html,application/xhtml+xml,application/xml;q=0.9,image/webp,image/apng,*/*;q=0.8,application/signed-exchange;v=b3',
  'user-agent' => 'Mozilla/5.0 (Windows NT 6.1; WOW64) AppleWebKit/537.36 (KHTML, like Gecko) Chrome/74.0.3729.169 Safari/537.36',
  'content-type' => 'application/x-www-form-urlencoded',
  'upgrade-insecure-requests' => '1',
  'origin' => 'http://www.pyg.com',
  'cache-control' => 'max-age=0',
  'content-length' => '12',
  'connection' => 'close',
  'host' => 'www.pyg.com',
)
[ info ] [ PARAM ] array (
  '/home/order_controller/save_html' => '',
  'address_id' => '1',
)
[ info ] [ CACHE ] INIT File
[ info ] [ RUN ] app\home\controller\OrderController->save[ E:\75phpStudy\XiangMu\hometpshop75\application\home\controller\OrderController.php ]
[ info ] [ DB ] INIT mysql
[ info ] [ SESSION ] INIT array (
  'id' => '',
  'var_session_id' => '',
  'prefix' => 'think',
  'type' => '',
  'auto_start' => true,
)
[ info ] [ LOG ] INIT File
[ sql ] [ DB ] CONNECT:[ UseTime:0.002000s ] mysql:host=127.0.0.1;port=3306;dbname=tpshop;charset=utf8
[ sql ] [ SQL ] SHOW COLUMNS FROM `pyg_address` [ RunTime:0.004000s ]
[ sql ] [ SQL ] SELECT * FROM `pyg_address` WHERE  `user_id` = 10  AND `id` = 1 LIMIT 1 [ RunTime:0.001000s ]
[ sql ] [ SQL ] SHOW COLUMNS FROM `pyg_cart` [ RunTime:0.004000s ]
[ sql ] [ SQL ] SELECT * FROM `pyg_cart` WHERE  `user_id` = 10  AND `is_selected` = 1 [ RunTime:0.001000s ]
[ sql ] [ SQL ] SHOW COLUMNS FROM `pyg_goods` [ RunTime:0.003000s ]
[ sql ] [ SQL ] SELECT * FROM `pyg_goods` WHERE  `id` IN (91) [ RunTime:0.002000s ]
[ sql ] [ SQL ] SHOW COLUMNS FROM `pyg_spec_goods` [ RunTime:0.004000s ]
[ sql ] [ SQL ] SELECT * FROM `pyg_spec_goods` WHERE  `id` IN (839) [ RunTime:0.001000s ]
[ sql ] [ SQL ] SHOW COLUMNS FROM `pyg_order` [ RunTime:0.003000s ]
[ sql ] [ SQL ] INSERT INTO `pyg_order` (`order_sn` , `consignee` , `phone` , `address` , `user_id` , `goods_price` , `shipping_price` , `coupon_price` , `order_amount` , `total_amount`) VALUES ('1015712950222194' , '小小' , '19912345678' , '马坡镇黑马程序员' , 10 , 180 , 0 , 0 , 180 , 180) [ RunTime:0.001000s ]
[ sql ] [ SQL ] SHOW COLUMNS FROM `pyg_order_goods` [ RunTime:0.003000s ]
[ sql ] [ SQL ] INSERT INTO `pyg_order_goods` (`order_id` , `goods_id` , `spec_goods_id` , `number` , `goods_name` , `goods_logo` , `goods_price` , `spec_value_names`) VALUES (83 , 91 , 839 , 4 , '转盘机枪' , '\\uploads\\goods\\20190924\\thumb_42cf2a6fa1b9e0020d2530ca728e5ce8.jpg' , 45 , '颜色:白色 版本:全网通（4G+64G）') [ RunTime:0.001000s ]
[ sql ] [ SQL ] UPDATE `pyg_spec_goods`  SET `store_count`=411,`store_frozen`=419  WHERE  `id` = 839 [ RunTime:0.001000s ]
---------------------------------------------------------------
[ 2019-10-17T14:50:22+08:00 ] 127.0.0.1 GET /home/order_controller/pay/id/83.html
[ info ] www.pyg.com/home/order_controller/pay/id/83.html [运行时间：0.195011s][吞吐率：5.13req/s] [内存消耗：3,713.50kb] [文件加载：61]
[ info ] [ LANG ] E:\75phpStudy\XiangMu\hometpshop75\thinkphp\lang\zh-cn.php
[ info ] [ ROUTE ] array (
  'type' => 'module',
  'module' => 
  array (
    0 => 'home',
    1 => 'order_controller',
    2 => 'pay',
  ),
)
[ info ] [ HEADER ] array (
  'cookie' => 'thinkphp_show_page_trace=0|0; thinkphp_show_page_trace=0|0; thinkphp_show_page_trace=0|0; PHPSESSID=ut5a539nimrgdmc9jpkh8pf54h',
  'accept-language' => 'zh-CN,zh;q=0.9',
  'accept-encoding' => 'gzip, deflate',
  'referer' => 'http://www.pyg.com/home/order_controller/create.html',
  'accept' => 'text/html,application/xhtml+xml,application/xml;q=0.9,image/webp,image/apng,*/*;q=0.8,application/signed-exchange;v=b3',
  'user-agent' => 'Mozilla/5.0 (Windows NT 6.1; WOW64) AppleWebKit/537.36 (KHTML, like Gecko) Chrome/74.0.3729.169 Safari/537.36',
  'upgrade-insecure-requests' => '1',
  'cache-control' => 'max-age=0',
  'connection' => 'close',
  'host' => 'www.pyg.com',
)
[ info ] [ PARAM ] array (
  '/home/order_controller/pay/id/83_html' => '',
  'id' => '83',
)
[ info ] [ CACHE ] INIT File
[ info ] [ RUN ] app\home\controller\OrderController->pay[ E:\75phpStudy\XiangMu\hometpshop75\application\home\controller\OrderController.php ]
[ info ] [ DB ] INIT mysql
[ info ] [ VIEW ] E:\75phpStudy\XiangMu\hometpshop75\public/../application/home\view\Order_controller\pay.html [ array (
  0 => 'category',
  1 => 'order',
  2 => 'pay_type',
) ]
[ info ] [ LOG ] INIT File
[ sql ] [ DB ] CONNECT:[ UseTime:0.002000s ] mysql:host=127.0.0.1;port=3306;dbname=tpshop;charset=utf8
[ sql ] [ SQL ] SHOW COLUMNS FROM `pyg_order` [ RunTime:0.004000s ]
[ sql ] [ SQL ] SELECT * FROM `pyg_order` WHERE  `id` = 83 LIMIT 1 [ RunTime:0.003000s ]
---------------------------------------------------------------
[ 2019-10-17T14:50:25+08:00 ] 127.0.0.1 POST /home/order_controller/topay.html
[ info ] www.pyg.com/home/order_controller/topay.html [运行时间：0.095006s][吞吐率：10.53req/s] [内存消耗：3,392.51kb] [文件加载：59]
[ info ] [ LANG ] E:\75phpStudy\XiangMu\hometpshop75\thinkphp\lang\zh-cn.php
[ info ] [ ROUTE ] array (
  'type' => 'module',
  'module' => 
  array (
    0 => 'home',
    1 => 'order_controller',
    2 => 'topay',
  ),
)
[ info ] [ HEADER ] array (
  'cookie' => 'thinkphp_show_page_trace=0|0; thinkphp_show_page_trace=0|0; PHPSESSID=ut5a539nimrgdmc9jpkh8pf54h',
  'accept-language' => 'zh-CN,zh;q=0.9',
  'accept-encoding' => 'gzip, deflate',
  'referer' => 'http://www.pyg.com/home/order_controller/pay/id/83.html',
  'accept' => 'text/html,application/xhtml+xml,application/xml;q=0.9,image/webp,image/apng,*/*;q=0.8,application/signed-exchange;v=b3',
  'user-agent' => 'Mozilla/5.0 (Windows NT 6.1; WOW64) AppleWebKit/537.36 (KHTML, like Gecko) Chrome/74.0.3729.169 Safari/537.36',
  'content-type' => 'application/x-www-form-urlencoded',
  'upgrade-insecure-requests' => '1',
  'origin' => 'http://www.pyg.com',
  'cache-control' => 'max-age=0',
  'content-length' => '21',
  'connection' => 'close',
  'host' => 'www.pyg.com',
)
[ info ] [ PARAM ] array (
  '/home/order_controller/topay_html' => '',
  'id' => '83',
  'pay_type' => 'alipay',
)
[ info ] [ CACHE ] INIT File
[ info ] [ RUN ] app\home\controller\OrderController->toPay[ E:\75phpStudy\XiangMu\hometpshop75\application\home\controller\OrderController.php ]
[ info ] [ DB ] INIT mysql
[ info ] [ LOG ] INIT File
[ sql ] [ DB ] CONNECT:[ UseTime:0.010001s ] mysql:host=127.0.0.1;port=3306;dbname=tpshop;charset=utf8
[ sql ] [ SQL ] SHOW COLUMNS FROM `pyg_order` [ RunTime:0.004000s ]
[ sql ] [ SQL ] SELECT * FROM `pyg_order` WHERE  `id` = 83 LIMIT 1 [ RunTime:0.001000s ]
---------------------------------------------------------------
[ 2019-10-17T14:50:38+08:00 ] 127.0.0.1 GET /home/order_controller/create.html
[ info ] www.pyg.com/home/order_controller/create.html [运行时间：0.331019s][吞吐率：3.02req/s] [内存消耗：4,733.30kb] [文件加载：100]
[ info ] [ LANG ] E:\75phpStudy\XiangMu\hometpshop75\thinkphp\lang\zh-cn.php
[ info ] [ ROUTE ] array (
  'type' => 'module',
  'module' => 
  array (
    0 => 'home',
    1 => 'order_controller',
    2 => 'create',
  ),
)
[ info ] [ HEADER ] array (
  'cookie' => 'thinkphp_show_page_trace=0|0; thinkphp_show_page_trace=0|0; PHPSESSID=ut5a539nimrgdmc9jpkh8pf54h',
  'accept-language' => 'zh-CN,zh;q=0.9',
  'accept-encoding' => 'gzip, deflate',
  'referer' => 'http://www.pyg.com/home/cart_controller/cart_list.html',
  'accept' => 'text/html,application/xhtml+xml,application/xml;q=0.9,image/webp,image/apng,*/*;q=0.8,application/signed-exchange;v=b3',
  'user-agent' => 'Mozilla/5.0 (Windows NT 6.1; WOW64) AppleWebKit/537.36 (KHTML, like Gecko) Chrome/74.0.3729.169 Safari/537.36',
  'upgrade-insecure-requests' => '1',
  'connection' => 'close',
  'host' => 'www.pyg.com',
)
[ info ] [ PARAM ] array (
  '/home/order_controller/create_html' => '',
)
[ info ] [ CACHE ] INIT File
[ info ] [ RUN ] app\home\controller\OrderController->create[ E:\75phpStudy\XiangMu\hometpshop75\application\home\controller\OrderController.php ]
[ info ] [ SESSION ] INIT array (
  'id' => '',
  'var_session_id' => '',
  'prefix' => 'think',
  'type' => '',
  'auto_start' => true,
)
[ info ] [ DB ] INIT mysql
[ info ] [ VIEW ] E:\75phpStudy\XiangMu\hometpshop75\public/../application/home\view\Order_controller\order.html [ array (
  0 => 'category',
  1 => 'address',
  2 => 'cart_data',
) ]
[ info ] [ LOG ] INIT File
[ sql ] [ DB ] CONNECT:[ UseTime:0.002000s ] mysql:host=127.0.0.1;port=3306;dbname=tpshop;charset=utf8
[ sql ] [ SQL ] SHOW COLUMNS FROM `pyg_address` [ RunTime:0.003000s ]
[ sql ] [ SQL ] SELECT * FROM `pyg_address` WHERE  `user_id` = 10 [ RunTime:0.001000s ]
[ sql ] [ SQL ] SHOW COLUMNS FROM `pyg_cart` [ RunTime:0.004000s ]
[ sql ] [ SQL ] SELECT * FROM `pyg_cart` WHERE  `user_id` = 10  AND `is_selected` = 1 [ RunTime:0.001001s ]
[ sql ] [ SQL ] SHOW COLUMNS FROM `pyg_goods` [ RunTime:0.003000s ]
[ sql ] [ SQL ] SELECT * FROM `pyg_goods` WHERE  `id` IN (91) [ RunTime:0.001000s ]
[ sql ] [ SQL ] SHOW COLUMNS FROM `pyg_spec_goods` [ RunTime:0.003000s ]
[ sql ] [ SQL ] SELECT * FROM `pyg_spec_goods` WHERE  `id` IN (839) [ RunTime:0.000000s ]
---------------------------------------------------------------
[ 2019-10-17T14:50:39+08:00 ] 127.0.0.1 GET /home/cart_controller/cart_list.html
[ info ] www.pyg.com/home/cart_controller/cart_list.html [运行时间：0.209012s][吞吐率：4.78req/s] [内存消耗：3,756.04kb] [文件加载：65]
[ info ] [ LANG ] E:\75phpStudy\XiangMu\hometpshop75\thinkphp\lang\zh-cn.php
[ info ] [ ROUTE ] array (
  'type' => 'module',
  'module' => 
  array (
    0 => 'home',
    1 => 'cart_controller',
    2 => 'cart_list',
  ),
)
[ info ] [ HEADER ] array (
  'cookie' => 'thinkphp_show_page_trace=0|0; thinkphp_show_page_trace=0|0; PHPSESSID=ut5a539nimrgdmc9jpkh8pf54h',
  'accept-language' => 'zh-CN,zh;q=0.9',
  'accept-encoding' => 'gzip, deflate',
  'referer' => 'http://www.pyg.com/home/cart_controller/addcart.html',
  'accept' => 'text/html,application/xhtml+xml,application/xml;q=0.9,image/webp,image/apng,*/*;q=0.8,application/signed-exchange;v=b3',
  'user-agent' => 'Mozilla/5.0 (Windows NT 6.1; WOW64) AppleWebKit/537.36 (KHTML, like Gecko) Chrome/74.0.3729.169 Safari/537.36',
  'upgrade-insecure-requests' => '1',
  'connection' => 'close',
  'host' => 'www.pyg.com',
)
[ info ] [ PARAM ] array (
  '/home/cart_controller/cart_list_html' => '',
)
[ info ] [ CACHE ] INIT File
[ info ] [ RUN ] app\home\controller\CartController->cart_list[ E:\75phpStudy\XiangMu\hometpshop75\application\home\controller\CartController.php ]
[ info ] [ SESSION ] INIT array (
  'id' => '',
  'var_session_id' => '',
  'prefix' => 'think',
  'type' => '',
  'auto_start' => true,
)
[ info ] [ DB ] INIT mysql
[ info ] [ VIEW ] E:\75phpStudy\XiangMu\hometpshop75\public/../application/home\view\Cart_controller\cart_list.html [ array (
  0 => 'category',
  1 => 'list',
) ]
[ info ] [ LOG ] INIT File
[ sql ] [ DB ] CONNECT:[ UseTime:0.011000s ] mysql:host=127.0.0.1;port=3306;dbname=tpshop;charset=utf8
[ sql ] [ SQL ] SHOW COLUMNS FROM `pyg_cart` [ RunTime:0.006001s ]
[ sql ] [ SQL ] SELECT `user_id`,`goods_id`,`spec_goods_id`,`number`,`is_selected`,`id` FROM `pyg_cart` WHERE  `user_id` = 10 [ RunTime:0.001000s ]
---------------------------------------------------------------
[ 2019-10-17T14:50:54+08:00 ] 127.0.0.1 GET /home/cart_controller/cart_list.html
[ info ] www.pyg.com/home/cart_controller/cart_list.html [运行时间：0.209012s][吞吐率：4.78req/s] [内存消耗：3,756.04kb] [文件加载：65]
[ info ] [ LANG ] E:\75phpStudy\XiangMu\hometpshop75\thinkphp\lang\zh-cn.php
[ info ] [ ROUTE ] array (
  'type' => 'module',
  'module' => 
  array (
    0 => 'home',
    1 => 'cart_controller',
    2 => 'cart_list',
  ),
)
[ info ] [ HEADER ] array (
  'cookie' => 'thinkphp_show_page_trace=0|0; thinkphp_show_page_trace=0|0; PHPSESSID=ut5a539nimrgdmc9jpkh8pf54h',
  'accept-language' => 'zh-CN,zh;q=0.9',
  'accept-encoding' => 'gzip, deflate',
  'referer' => 'http://www.pyg.com/home/cart_controller/addcart.html',
  'accept' => 'text/html,application/xhtml+xml,application/xml;q=0.9,image/webp,image/apng,*/*;q=0.8,application/signed-exchange;v=b3',
  'user-agent' => 'Mozilla/5.0 (Windows NT 6.1; WOW64) AppleWebKit/537.36 (KHTML, like Gecko) Chrome/74.0.3729.169 Safari/537.36',
  'upgrade-insecure-requests' => '1',
  'connection' => 'close',
  'host' => 'www.pyg.com',
)
[ info ] [ PARAM ] array (
  '/home/cart_controller/cart_list_html' => '',
)
[ info ] [ CACHE ] INIT File
[ info ] [ RUN ] app\home\controller\CartController->cart_list[ E:\75phpStudy\XiangMu\hometpshop75\application\home\controller\CartController.php ]
[ info ] [ SESSION ] INIT array (
  'id' => '',
  'var_session_id' => '',
  'prefix' => 'think',
  'type' => '',
  'auto_start' => true,
)
[ info ] [ DB ] INIT mysql
[ info ] [ VIEW ] E:\75phpStudy\XiangMu\hometpshop75\public/../application/home\view\Cart_controller\cart_list.html [ array (
  0 => 'category',
  1 => 'list',
) ]
[ info ] [ LOG ] INIT File
[ sql ] [ DB ] CONNECT:[ UseTime:0.010001s ] mysql:host=127.0.0.1;port=3306;dbname=tpshop;charset=utf8
[ sql ] [ SQL ] SHOW COLUMNS FROM `pyg_cart` [ RunTime:0.003000s ]
[ sql ] [ SQL ] SELECT `user_id`,`goods_id`,`spec_goods_id`,`number`,`is_selected`,`id` FROM `pyg_cart` WHERE  `user_id` = 10 [ RunTime:0.001000s ]
